# JRE version: OpenJDK Runtime Environment Temurin-21.0.6+7 (21.0.6+7) (build 21.0.6+7-LTS)
# Java VM: OpenJDK 64-Bit Server VM Temurin-21.0.6+7 (21.0.6+7-LTS, mixed mode, sharing, tiered, compressed oops, compressed class ptrs, parallel gc, windows-amd64)
GC Precious Log:
 CardTable entry size: 512
 CPUs: 8 total, 8 available
 Memory: 3974M
 Large Page Support: Disabled
 NUMA Support: Disabled
 Compressed Oops: Enabled (32-bit)
 Alignments: Space 512K, Generation 512K, Heap 2M
 Heap Min Capacity: 100M
 Heap Initial Capacity: 100M
 Heap Max Capacity: 1G
 Pre-touch: Disabled
 Parallel Workers: 8
Heap:
 PSYoungGen      total 5632K, used 1331K [0x00000000eab00000, 0x00000000eb200000, 0x0000000100000000)
  eden space 4608K, 9% used [0x00000000eab00000,0x00000000eab6b7f0,0x00000000eaf80000)
  from space 1024K, 88% used [0x00000000eb080000,0x00000000eb161720,0x00000000eb180000)
  to   space 512K, 0% used [0x00000000eb180000,0x00000000eb180000,0x00000000eb200000)
 ParOldGen       total 176640K, used 176219K [0x00000000c0000000, 0x00000000cac80000, 0x00000000eab00000)
  object space 176640K, 99% used [0x00000000c0000000,0x00000000cac16e30,0x00000000cac80000)
 Metaspace       used 62671K, committed 64000K, reserved 1114112K
  class space    used 6727K, committed 7296K, reserved 1048576K
GC Heap History (20 events):
Event: 23.747 GC heap before
{Heap before GC invocations=101 (full 3):
 PSYoungGen      total 8192K, used 7701K [0x00000000eab00000, 0x00000000eb480000, 0x0000000100000000)
  eden space 6656K, 100% used [0x00000000eab00000,0x00000000eb180000,0x00000000eb180000)
  from space 1536K, 68% used [0x00000000eb180000,0x00000000eb285520,0x00000000eb300000)
  to   space 1536K, 0% used [0x00000000eb300000,0x00000000eb300000,0x00000000eb480000)
 ParOldGen       total 160768K, used 160264K [0x00000000c0000000, 0x00000000c9d00000, 0x00000000eab00000)
  object space 160768K, 99% used [0x00000000c0000000,0x00000000c9c820a8,0x00000000c9d00000)
 Metaspace       used 62520K, committed 63872K, reserved 1114112K
  class space    used 6699K, committed 7296K, reserved 1048576K
}
Event: 23.754 GC heap after
{Heap after GC invocations=101 (full 3):
 PSYoungGen      total 8192K, used 1389K [0x00000000eab00000, 0x00000000eb480000, 0x0000000100000000)
  eden space 6656K, 0% used [0x00000000eab00000,0x00000000eab00000,0x00000000eb180000)
  from space 1536K, 90% used [0x00000000eb300000,0x00000000eb45b5b8,0x00000000eb480000)
  to   space 1536K, 0% used [0x00000000eb180000,0x00000000eb180000,0x00000000eb300000)
 ParOldGen       total 161280K, used 161157K [0x00000000c0000000, 0x00000000c9d80000, 0x00000000eab00000)
  object space 161280K, 99% used [0x00000000c0000000,0x00000000c9d61600,0x00000000c9d80000)
 Metaspace       used 62520K, committed 63872K, reserved 1114112K
  class space    used 6699K, committed 7296K, reserved 1048576K
}
Event: 23.827 GC heap before
{Heap before GC invocations=102 (full 3):
 PSYoungGen      total 8192K, used 8042K [0x00000000eab00000, 0x00000000eb480000, 0x0000000100000000)
  eden space 6656K, 99% used [0x00000000eab00000,0x00000000eb17f368,0x00000000eb180000)
  from space 1536K, 90% used [0x00000000eb300000,0x00000000eb45b5b8,0x00000000eb480000)
  to   space 1536K, 0% used [0x00000000eb180000,0x00000000eb180000,0x00000000eb300000)
 ParOldGen       total 161280K, used 161157K [0x00000000c0000000, 0x00000000c9d80000, 0x00000000eab00000)
  object space 161280K, 99% used [0x00000000c0000000,0x00000000c9d61600,0x00000000c9d80000)
 Metaspace       used 62520K, committed 63872K, reserved 1114112K
  class space    used 6699K, committed 7296K, reserved 1048576K
}
Event: 23.839 GC heap after
{Heap after GC invocations=102 (full 3):
 PSYoungGen      total 8192K, used 1271K [0x00000000eab00000, 0x00000000eb480000, 0x0000000100000000)
  eden space 6656K, 0% used [0x00000000eab00000,0x00000000eab00000,0x00000000eb180000)
  from space 1536K, 82% used [0x00000000eb180000,0x00000000eb2bdca8,0x00000000eb300000)
  to   space 1536K, 0% used [0x00000000eb300000,0x00000000eb300000,0x00000000eb480000)
 ParOldGen       total 162816K, used 162400K [0x00000000c0000000, 0x00000000c9f00000, 0x00000000eab00000)
  object space 162816K, 99% used [0x00000000c0000000,0x00000000c9e982c0,0x00000000c9f00000)
 Metaspace       used 62520K, committed 63872K, reserved 1114112K
  class space    used 6699K, committed 7296K, reserved 1048576K
}
Event: 23.927 GC heap before
{Heap before GC invocations=103 (full 3):
 PSYoungGen      total 8192K, used 7927K [0x00000000eab00000, 0x00000000eb480000, 0x0000000100000000)
  eden space 6656K, 100% used [0x00000000eab00000,0x00000000eb180000,0x00000000eb180000)
  from space 1536K, 82% used [0x00000000eb180000,0x00000000eb2bdca8,0x00000000eb300000)
  to   space 1536K, 0% used [0x00000000eb300000,0x00000000eb300000,0x00000000eb480000)
 ParOldGen       total 162816K, used 162400K [0x00000000c0000000, 0x00000000c9f00000, 0x00000000eab00000)
  object space 162816K, 99% used [0x00000000c0000000,0x00000000c9e982c0,0x00000000c9f00000)
 Metaspace       used 62520K, committed 63872K, reserved 1114112K
  class space    used 6699K, committed 7296K, reserved 1048576K
}
Event: 23.932 GC heap after
{Heap after GC invocations=103 (full 3):
 PSYoungGen      total 6144K, used 1509K [0x00000000eab00000, 0x00000000eb880000, 0x0000000100000000)
  eden space 4608K, 0% used [0x00000000eab00000,0x00000000eab00000,0x00000000eaf80000)
  from space 1536K, 98% used [0x00000000eb300000,0x00000000eb4796b0,0x00000000eb480000)
  to   space 3584K, 0% used [0x00000000eaf80000,0x00000000eaf80000,0x00000000eb300000)
 ParOldGen       total 163840K, used 163824K [0x00000000c0000000, 0x00000000ca000000, 0x00000000eab00000)
  object space 163840K, 99% used [0x00000000c0000000,0x00000000c9ffc338,0x00000000ca000000)
 Metaspace       used 62520K, committed 63872K, reserved 1114112K
  class space    used 6699K, committed 7296K, reserved 1048576K
}
Event: 23.964 GC heap before
{Heap before GC invocations=104 (full 3):
 PSYoungGen      total 6144K, used 6107K [0x00000000eab00000, 0x00000000eb880000, 0x0000000100000000)
  eden space 4608K, 99% used [0x00000000eab00000,0x00000000eaf7d670,0x00000000eaf80000)
  from space 1536K, 98% used [0x00000000eb300000,0x00000000eb4796b0,0x00000000eb480000)
  to   space 3584K, 0% used [0x00000000eaf80000,0x00000000eaf80000,0x00000000eb300000)
 ParOldGen       total 163840K, used 163824K [0x00000000c0000000, 0x00000000ca000000, 0x00000000eab00000)
  object space 163840K, 99% used [0x00000000c0000000,0x00000000c9ffc338,0x00000000ca000000)
 Metaspace       used 62520K, committed 63872K, reserved 1114112K
  class space    used 6699K, committed 7296K, reserved 1048576K
}
Event: 23.969 GC heap after
{Heap after GC invocations=104 (full 3):
 PSYoungGen      total 6144K, used 1406K [0x00000000eab00000, 0x00000000eb380000, 0x0000000100000000)
  eden space 4608K, 0% used [0x00000000eab00000,0x00000000eab00000,0x00000000eaf80000)
  from space 1536K, 91% used [0x00000000eaf80000,0x00000000eb0df910,0x00000000eb100000)
  to   space 2048K, 0% used [0x00000000eb180000,0x00000000eb180000,0x00000000eb380000)
 ParOldGen       total 165376K, used 165328K [0x00000000c0000000, 0x00000000ca180000, 0x00000000eab00000)
  object space 165376K, 99% used [0x00000000c0000000,0x00000000ca1743e8,0x00000000ca180000)
 Metaspace       used 62520K, committed 63872K, reserved 1114112K
  class space    used 6699K, committed 7296K, reserved 1048576K
}
Event: 24.005 GC heap before
{Heap before GC invocations=105 (full 3):
 PSYoungGen      total 6144K, used 6014K [0x00000000eab00000, 0x00000000eb380000, 0x0000000100000000)
  eden space 4608K, 100% used [0x00000000eab00000,0x00000000eaf80000,0x00000000eaf80000)
  from space 1536K, 91% used [0x00000000eaf80000,0x00000000eb0df910,0x00000000eb100000)
  to   space 2048K, 0% used [0x00000000eb180000,0x00000000eb180000,0x00000000eb380000)
 ParOldGen       total 165376K, used 165328K [0x00000000c0000000, 0x00000000ca180000, 0x00000000eab00000)
  object space 165376K, 99% used [0x00000000c0000000,0x00000000ca1743e8,0x00000000ca180000)
 Metaspace       used 62520K, committed 63872K, reserved 1114112K
  class space    used 6699K, committed 7296K, reserved 1048576K
}
Event: 24.008 GC heap after
{Heap after GC invocations=105 (full 3):
 PSYoungGen      total 6144K, used 1098K [0x00000000eab00000, 0x00000000eb300000, 0x0000000100000000)
  eden space 4608K, 0% used [0x00000000eab00000,0x00000000eab00000,0x00000000eaf80000)
  from space 1536K, 71% used [0x00000000eb180000,0x00000000eb292a90,0x00000000eb300000)
  to   space 1536K, 0% used [0x00000000eaf80000,0x00000000eaf80000,0x00000000eb100000)
 ParOldGen       total 166912K, used 166452K [0x00000000c0000000, 0x00000000ca300000, 0x00000000eab00000)
  object space 166912K, 99% used [0x00000000c0000000,0x00000000ca28d338,0x00000000ca300000)
 Metaspace       used 62520K, committed 63872K, reserved 1114112K
  class space    used 6699K, committed 7296K, reserved 1048576K
}
Event: 24.063 GC heap before
{Heap before GC invocations=106 (full 3):
 PSYoungGen      total 6144K, used 5706K [0x00000000eab00000, 0x00000000eb300000, 0x0000000100000000)
  eden space 4608K, 100% used [0x00000000eab00000,0x00000000eaf80000,0x00000000eaf80000)
  from space 1536K, 71% used [0x00000000eb180000,0x00000000eb292a90,0x00000000eb300000)
  to   space 1536K, 0% used [0x00000000eaf80000,0x00000000eaf80000,0x00000000eb100000)
 ParOldGen       total 166912K, used 166452K [0x00000000c0000000, 0x00000000ca300000, 0x00000000eab00000)
  object space 166912K, 99% used [0x00000000c0000000,0x00000000ca28d338,0x00000000ca300000)
 Metaspace       used 62520K, committed 63872K, reserved 1114112K
  class space    used 6699K, committed 7296K, reserved 1048576K
}
Event: 24.066 GC heap after
{Heap after GC invocations=106 (full 3):
 PSYoungGen      total 6144K, used 1376K [0x00000000eab00000, 0x00000000eb280000, 0x0000000100000000)
  eden space 4608K, 0% used [0x00000000eab00000,0x00000000eab00000,0x00000000eaf80000)
  from space 1536K, 89% used [0x00000000eaf80000,0x00000000eb0d82d0,0x00000000eb100000)
  to   space 1536K, 0% used [0x00000000eb100000,0x00000000eb100000,0x00000000eb280000)
 ParOldGen       total 167424K, used 167407K [0x00000000c0000000, 0x00000000ca380000, 0x00000000eab00000)
  object space 167424K, 99% used [0x00000000c0000000,0x00000000ca37bf68,0x00000000ca380000)
 Metaspace       used 62520K, committed 63872K, reserved 1114112K
  class space    used 6699K, committed 7296K, reserved 1048576K
}
Event: 24.144 GC heap before
{Heap before GC invocations=107 (full 3):
 PSYoungGen      total 6144K, used 5984K [0x00000000eab00000, 0x00000000eb280000, 0x0000000100000000)
  eden space 4608K, 100% used [0x00000000eab00000,0x00000000eaf80000,0x00000000eaf80000)
  from space 1536K, 89% used [0x00000000eaf80000,0x00000000eb0d82d0,0x00000000eb100000)
  to   space 1536K, 0% used [0x00000000eb100000,0x00000000eb100000,0x00000000eb280000)
 ParOldGen       total 167424K, used 167407K [0x00000000c0000000, 0x00000000ca380000, 0x00000000eab00000)
  object space 167424K, 99% used [0x00000000c0000000,0x00000000ca37bf68,0x00000000ca380000)
 Metaspace       used 62528K, committed 63872K, reserved 1114112K
  class space    used 6699K, committed 7296K, reserved 1048576K
}
Event: 24.171 GC heap after
{Heap after GC invocations=107 (full 3):
 PSYoungGen      total 6144K, used 1404K [0x00000000eab00000, 0x00000000eb280000, 0x0000000100000000)
  eden space 4608K, 0% used [0x00000000eab00000,0x00000000eab00000,0x00000000eaf80000)
  from space 1536K, 91% used [0x00000000eb100000,0x00000000eb25f080,0x00000000eb280000)
  to   space 1536K, 0% used [0x00000000eaf80000,0x00000000eaf80000,0x00000000eb100000)
 ParOldGen       total 168960K, used 168620K [0x00000000c0000000, 0x00000000ca500000, 0x00000000eab00000)
  object space 168960K, 99% used [0x00000000c0000000,0x00000000ca4ab3b0,0x00000000ca500000)
 Metaspace       used 62528K, committed 63872K, reserved 1114112K
  class space    used 6699K, committed 7296K, reserved 1048576K
}
Event: 24.239 GC heap before
{Heap before GC invocations=108 (full 3):
 PSYoungGen      total 6144K, used 6012K [0x00000000eab00000, 0x00000000eb280000, 0x0000000100000000)
  eden space 4608K, 100% used [0x00000000eab00000,0x00000000eaf80000,0x00000000eaf80000)
  from space 1536K, 91% used [0x00000000eb100000,0x00000000eb25f080,0x00000000eb280000)
  to   space 1536K, 0% used [0x00000000eaf80000,0x00000000eaf80000,0x00000000eb100000)
 ParOldGen       total 168960K, used 168620K [0x00000000c0000000, 0x00000000ca500000, 0x00000000eab00000)
  object space 168960K, 99% used [0x00000000c0000000,0x00000000ca4ab3b0,0x00000000ca500000)
 Metaspace       used 62528K, committed 63872K, reserved 1114112K
  class space    used 6699K, committed 7296K, reserved 1048576K
}
Event: 24.242 GC heap after
{Heap after GC invocations=108 (full 3):
 PSYoungGen      total 6144K, used 1505K [0x00000000eab00000, 0x00000000eb580000, 0x0000000100000000)
  eden space 4608K, 0% used [0x00000000eab00000,0x00000000eab00000,0x00000000eaf80000)
  from space 1536K, 97% used [0x00000000eaf80000,0x00000000eb0f8450,0x00000000eb100000)
  to   space 3072K, 0% used [0x00000000eb280000,0x00000000eb280000,0x00000000eb580000)
 ParOldGen       total 169984K, used 169918K [0x00000000c0000000, 0x00000000ca600000, 0x00000000eab00000)
  object space 169984K, 99% used [0x00000000c0000000,0x00000000ca5ef920,0x00000000ca600000)
 Metaspace       used 62528K, committed 63872K, reserved 1114112K
  class space    used 6699K, committed 7296K, reserved 1048576K
}
Event: 24.349 GC heap before
{Heap before GC invocations=109 (full 3):
 PSYoungGen      total 6144K, used 6113K [0x00000000eab00000, 0x00000000eb580000, 0x0000000100000000)
  eden space 4608K, 100% used [0x00000000eab00000,0x00000000eaf80000,0x00000000eaf80000)
  from space 1536K, 97% used [0x00000000eaf80000,0x00000000eb0f8450,0x00000000eb100000)
  to   space 3072K, 0% used [0x00000000eb280000,0x00000000eb280000,0x00000000eb580000)
 ParOldGen       total 169984K, used 169918K [0x00000000c0000000, 0x00000000ca600000, 0x00000000eab00000)
  object space 169984K, 99% used [0x00000000c0000000,0x00000000ca5ef920,0x00000000ca600000)
 Metaspace       used 62528K, committed 63872K, reserved 1114112K
  class space    used 6699K, committed 7296K, reserved 1048576K
}
Event: 24.354 GC heap after
{Heap after GC invocations=109 (full 3):
 PSYoungGen      total 6144K, used 1456K [0x00000000eab00000, 0x00000000eb400000, 0x0000000100000000)
  eden space 4608K, 0% used [0x00000000eab00000,0x00000000eab00000,0x00000000eaf80000)
  from space 1536K, 94% used [0x00000000eb280000,0x00000000eb3ec148,0x00000000eb400000)
  to   space 2048K, 0% used [0x00000000eb000000,0x00000000eb000000,0x00000000eb200000)
 ParOldGen       total 171520K, used 171321K [0x00000000c0000000, 0x00000000ca780000, 0x00000000eab00000)
  object space 171520K, 99% used [0x00000000c0000000,0x00000000ca74e520,0x00000000ca780000)
 Metaspace       used 62528K, committed 63872K, reserved 1114112K
  class space    used 6699K, committed 7296K, reserved 1048576K
}
Event: 24.453 GC heap before
{Heap before GC invocations=110 (full 3):
 PSYoungGen      total 6144K, used 6024K [0x00000000eab00000, 0x00000000eb400000, 0x0000000100000000)
  eden space 4608K, 99% used [0x00000000eab00000,0x00000000eaf76008,0x00000000eaf80000)
  from space 1536K, 94% used [0x00000000eb280000,0x00000000eb3ec148,0x00000000eb400000)
  to   space 2048K, 0% used [0x00000000eb000000,0x00000000eb000000,0x00000000eb200000)
 ParOldGen       total 171520K, used 171321K [0x00000000c0000000, 0x00000000ca780000, 0x00000000eab00000)
  object space 171520K, 99% used [0x00000000c0000000,0x00000000ca74e520,0x00000000ca780000)
 Metaspace       used 62528K, committed 63872K, reserved 1114112K
  class space    used 6699K, committed 7296K, reserved 1048576K
}
Event: 24.457 GC heap after
{Heap after GC invocations=110 (full 3):
 PSYoungGen      total 6656K, used 1969K [0x00000000eab00000, 0x00000000eb480000, 0x0000000100000000)
  eden space 4608K, 0% used [0x00000000eab00000,0x00000000eab00000,0x00000000eaf80000)
  from space 2048K, 96% used [0x00000000eb000000,0x00000000eb1ec708,0x00000000eb200000)
  to   space 2560K, 0% used [0x00000000eb200000,0x00000000eb200000,0x00000000eb480000)
 ParOldGen       total 173056K, used 172627K [0x00000000c0000000, 0x00000000ca900000, 0x00000000eab00000)
  object space 173056K, 99% used [0x00000000c0000000,0x00000000ca894db8,0x00000000ca900000)
 Metaspace       used 62528K, committed 63872K, reserved 1114112K
  class space    used 6699K, committed 7296K, reserved 1048576K
}

