# JRE version: OpenJDK Runtime Environment Temurin-21.0.6+7 (21.0.6+7) (build 21.0.6+7-LTS)
# Java VM: OpenJDK 64-Bit Server VM Temurin-21.0.6+7 (21.0.6+7-LTS, mixed mode, sharing, tiered, compressed oops, compressed class ptrs, parallel gc, windows-amd64)
GC Precious Log:
 CardTable entry size: 512
 CPUs: 8 total, 8 available
 Memory: 3974M
 Large Page Support: Disabled
 NUMA Support: Disabled
 Compressed Oops: Enabled (32-bit)
 Alignments: Space 512K, Generation 512K, Heap 2M
 Heap Min Capacity: 100M
 Heap Initial Capacity: 100M
 Heap Max Capacity: 1G
 Pre-touch: Disabled
 Parallel Workers: 8
Heap:
 PSYoungGen      total 5632K, used 2569K [0x00000000eab00000, 0x00000000eb180000, 0x0000000100000000)
  eden space 4608K, 40% used [0x00000000eab00000,0x00000000eacd2580,0x00000000eaf80000)
  from space 1024K, 68% used [0x00000000eaf80000,0x00000000eb030030,0x00000000eb080000)
  to   space 1024K, 0% used [0x00000000eb080000,0x00000000eb080000,0x00000000eb180000)
 ParOldGen       total 290304K, used 289977K [0x00000000c0000000, 0x00000000d1b80000, 0x00000000eab00000)
  object space 290304K, 99% used [0x00000000c0000000,0x00000000d1b2e470,0x00000000d1b80000)
 Metaspace       used 75270K, committed 76928K, reserved 1179648K
  class space    used 8341K, committed 9088K, reserved 1048576K
GC Heap History (20 events):
Event: 90.787 GC heap before
{Heap before GC invocations=1358 (full 4):
 PSYoungGen      total 5120K, used 5072K [0x00000000eab00000, 0x00000000eb100000, 0x0000000100000000)
  eden space 4608K, 100% used [0x00000000eab00000,0x00000000eaf80000,0x00000000eaf80000)
  from space 512K, 90% used [0x00000000eb000000,0x00000000eb074010,0x00000000eb080000)
  to   space 512K, 0% used [0x00000000eb080000,0x00000000eb080000,0x00000000eb100000)
 ParOldGen       total 289280K, used 289063K [0x00000000c0000000, 0x00000000d1a80000, 0x00000000eab00000)
  object space 289280K, 99% used [0x00000000c0000000,0x00000000d1a49ce0,0x00000000d1a80000)
 Metaspace       used 71785K, committed 73344K, reserved 1114112K
  class space    used 7853K, committed 8576K, reserved 1048576K
}
Event: 90.790 GC heap after
{Heap after GC invocations=1358 (full 4):
 PSYoungGen      total 5120K, used 400K [0x00000000eab00000, 0x00000000eb100000, 0x0000000100000000)
  eden space 4608K, 0% used [0x00000000eab00000,0x00000000eab00000,0x00000000eaf80000)
  from space 512K, 78% used [0x00000000eb080000,0x00000000eb0e4010,0x00000000eb100000)
  to   space 512K, 0% used [0x00000000eb000000,0x00000000eb000000,0x00000000eb080000)
 ParOldGen       total 289280K, used 289119K [0x00000000c0000000, 0x00000000d1a80000, 0x00000000eab00000)
  object space 289280K, 99% used [0x00000000c0000000,0x00000000d1a57ce0,0x00000000d1a80000)
 Metaspace       used 71785K, committed 73344K, reserved 1114112K
  class space    used 7853K, committed 8576K, reserved 1048576K
}
Event: 90.964 GC heap before
{Heap before GC invocations=1359 (full 4):
 PSYoungGen      total 5120K, used 5008K [0x00000000eab00000, 0x00000000eb100000, 0x0000000100000000)
  eden space 4608K, 100% used [0x00000000eab00000,0x00000000eaf80000,0x00000000eaf80000)
  from space 512K, 78% used [0x00000000eb080000,0x00000000eb0e4010,0x00000000eb100000)
  to   space 512K, 0% used [0x00000000eb000000,0x00000000eb000000,0x00000000eb080000)
 ParOldGen       total 289280K, used 289119K [0x00000000c0000000, 0x00000000d1a80000, 0x00000000eab00000)
  object space 289280K, 99% used [0x00000000c0000000,0x00000000d1a57ce0,0x00000000d1a80000)
 Metaspace       used 71826K, committed 73408K, reserved 1114112K
  class space    used 7857K, committed 8576K, reserved 1048576K
}
Event: 90.967 GC heap after
{Heap after GC invocations=1359 (full 4):
 PSYoungGen      total 5120K, used 224K [0x00000000eab00000, 0x00000000eb100000, 0x0000000100000000)
  eden space 4608K, 0% used [0x00000000eab00000,0x00000000eab00000,0x00000000eaf80000)
  from space 512K, 43% used [0x00000000eb000000,0x00000000eb038000,0x00000000eb080000)
  to   space 512K, 0% used [0x00000000eb080000,0x00000000eb080000,0x00000000eb100000)
 ParOldGen       total 289280K, used 289167K [0x00000000c0000000, 0x00000000d1a80000, 0x00000000eab00000)
  object space 289280K, 99% used [0x00000000c0000000,0x00000000d1a63ce0,0x00000000d1a80000)
 Metaspace       used 71826K, committed 73408K, reserved 1114112K
  class space    used 7857K, committed 8576K, reserved 1048576K
}
Event: 91.655 GC heap before
{Heap before GC invocations=1360 (full 4):
 PSYoungGen      total 5120K, used 4832K [0x00000000eab00000, 0x00000000eb100000, 0x0000000100000000)
  eden space 4608K, 100% used [0x00000000eab00000,0x00000000eaf80000,0x00000000eaf80000)
  from space 512K, 43% used [0x00000000eb000000,0x00000000eb038000,0x00000000eb080000)
  to   space 512K, 0% used [0x00000000eb080000,0x00000000eb080000,0x00000000eb100000)
 ParOldGen       total 289280K, used 289167K [0x00000000c0000000, 0x00000000d1a80000, 0x00000000eab00000)
  object space 289280K, 99% used [0x00000000c0000000,0x00000000d1a63ce0,0x00000000d1a80000)
 Metaspace       used 71876K, committed 73472K, reserved 1114112K
  class space    used 7866K, committed 8576K, reserved 1048576K
}
Event: 91.657 GC heap after
{Heap after GC invocations=1360 (full 4):
 PSYoungGen      total 5120K, used 256K [0x00000000eab00000, 0x00000000eb100000, 0x0000000100000000)
  eden space 4608K, 0% used [0x00000000eab00000,0x00000000eab00000,0x00000000eaf80000)
  from space 512K, 50% used [0x00000000eb080000,0x00000000eb0c0000,0x00000000eb100000)
  to   space 512K, 0% used [0x00000000eb000000,0x00000000eb000000,0x00000000eb080000)
 ParOldGen       total 289280K, used 289247K [0x00000000c0000000, 0x00000000d1a80000, 0x00000000eab00000)
  object space 289280K, 99% used [0x00000000c0000000,0x00000000d1a77ce0,0x00000000d1a80000)
 Metaspace       used 71876K, committed 73472K, reserved 1114112K
  class space    used 7866K, committed 8576K, reserved 1048576K
}
Event: 91.970 GC heap before
{Heap before GC invocations=1361 (full 4):
 PSYoungGen      total 5120K, used 4780K [0x00000000eab00000, 0x00000000eb100000, 0x0000000100000000)
  eden space 4608K, 98% used [0x00000000eab00000,0x00000000eaf6b370,0x00000000eaf80000)
  from space 512K, 50% used [0x00000000eb080000,0x00000000eb0c0000,0x00000000eb100000)
  to   space 512K, 0% used [0x00000000eb000000,0x00000000eb000000,0x00000000eb080000)
 ParOldGen       total 289280K, used 289247K [0x00000000c0000000, 0x00000000d1a80000, 0x00000000eab00000)
  object space 289280K, 99% used [0x00000000c0000000,0x00000000d1a77ce0,0x00000000d1a80000)
 Metaspace       used 72376K, committed 73984K, reserved 1179648K
  class space    used 7932K, committed 8640K, reserved 1048576K
}
Event: 91.972 GC heap after
{Heap after GC invocations=1361 (full 4):
 PSYoungGen      total 5120K, used 481K [0x00000000eab00000, 0x00000000eb180000, 0x0000000100000000)
  eden space 4608K, 0% used [0x00000000eab00000,0x00000000eab00000,0x00000000eaf80000)
  from space 512K, 94% used [0x00000000eb000000,0x00000000eb078730,0x00000000eb080000)
  to   space 1024K, 0% used [0x00000000eb080000,0x00000000eb080000,0x00000000eb180000)
 ParOldGen       total 289792K, used 289519K [0x00000000c0000000, 0x00000000d1b00000, 0x00000000eab00000)
  object space 289792K, 99% used [0x00000000c0000000,0x00000000d1abbe80,0x00000000d1b00000)
 Metaspace       used 72376K, committed 73984K, reserved 1179648K
  class space    used 7932K, committed 8640K, reserved 1048576K
}
Event: 92.050 GC heap before
{Heap before GC invocations=1362 (full 4):
 PSYoungGen      total 5120K, used 4942K [0x00000000eab00000, 0x00000000eb180000, 0x0000000100000000)
  eden space 4608K, 96% used [0x00000000eab00000,0x00000000eaf5b228,0x00000000eaf80000)
  from space 512K, 94% used [0x00000000eb000000,0x00000000eb078730,0x00000000eb080000)
  to   space 1024K, 0% used [0x00000000eb080000,0x00000000eb080000,0x00000000eb180000)
 ParOldGen       total 289792K, used 289519K [0x00000000c0000000, 0x00000000d1b00000, 0x00000000eab00000)
  object space 289792K, 99% used [0x00000000c0000000,0x00000000d1abbe80,0x00000000d1b00000)
 Metaspace       used 72880K, committed 74432K, reserved 1179648K
  class space    used 7998K, committed 8704K, reserved 1048576K
}
Event: 92.052 GC heap after
{Heap after GC invocations=1362 (full 4):
 PSYoungGen      total 5632K, used 415K [0x00000000eab00000, 0x00000000eb180000, 0x0000000100000000)
  eden space 4608K, 0% used [0x00000000eab00000,0x00000000eab00000,0x00000000eaf80000)
  from space 1024K, 40% used [0x00000000eb080000,0x00000000eb0e7c28,0x00000000eb180000)
  to   space 1024K, 0% used [0x00000000eaf80000,0x00000000eaf80000,0x00000000eb080000)
 ParOldGen       total 289792K, used 289769K [0x00000000c0000000, 0x00000000d1b00000, 0x00000000eab00000)
  object space 289792K, 99% used [0x00000000c0000000,0x00000000d1afa430,0x00000000d1b00000)
 Metaspace       used 72880K, committed 74432K, reserved 1179648K
  class space    used 7998K, committed 8704K, reserved 1048576K
}
Event: 92.135 GC heap before
{Heap before GC invocations=1363 (full 4):
 PSYoungGen      total 5632K, used 5023K [0x00000000eab00000, 0x00000000eb180000, 0x0000000100000000)
  eden space 4608K, 100% used [0x00000000eab00000,0x00000000eaf80000,0x00000000eaf80000)
  from space 1024K, 40% used [0x00000000eb080000,0x00000000eb0e7c28,0x00000000eb180000)
  to   space 1024K, 0% used [0x00000000eaf80000,0x00000000eaf80000,0x00000000eb080000)
 ParOldGen       total 289792K, used 289769K [0x00000000c0000000, 0x00000000d1b00000, 0x00000000eab00000)
  object space 289792K, 99% used [0x00000000c0000000,0x00000000d1afa430,0x00000000d1b00000)
 Metaspace       used 73534K, committed 75072K, reserved 1179648K
  class space    used 8076K, committed 8768K, reserved 1048576K
}
Event: 92.136 GC heap after
{Heap after GC invocations=1363 (full 4):
 PSYoungGen      total 5632K, used 288K [0x00000000eab00000, 0x00000000eb100000, 0x0000000100000000)
  eden space 4608K, 0% used [0x00000000eab00000,0x00000000eab00000,0x00000000eaf80000)
  from space 1024K, 28% used [0x00000000eaf80000,0x00000000eafc8000,0x00000000eb080000)
  to   space 512K, 0% used [0x00000000eb080000,0x00000000eb080000,0x00000000eb100000)
 ParOldGen       total 289792K, used 289769K [0x00000000c0000000, 0x00000000d1b00000, 0x00000000eab00000)
  object space 289792K, 99% used [0x00000000c0000000,0x00000000d1afa430,0x00000000d1b00000)
 Metaspace       used 73534K, committed 75072K, reserved 1179648K
  class space    used 8076K, committed 8768K, reserved 1048576K
}
Event: 92.213 GC heap before
{Heap before GC invocations=1364 (full 4):
 PSYoungGen      total 5632K, used 4896K [0x00000000eab00000, 0x00000000eb100000, 0x0000000100000000)
  eden space 4608K, 100% used [0x00000000eab00000,0x00000000eaf80000,0x00000000eaf80000)
  from space 1024K, 28% used [0x00000000eaf80000,0x00000000eafc8000,0x00000000eb080000)
  to   space 512K, 0% used [0x00000000eb080000,0x00000000eb080000,0x00000000eb100000)
 ParOldGen       total 289792K, used 289769K [0x00000000c0000000, 0x00000000d1b00000, 0x00000000eab00000)
  object space 289792K, 99% used [0x00000000c0000000,0x00000000d1afa430,0x00000000d1b00000)
 Metaspace       used 73929K, committed 75520K, reserved 1179648K
  class space    used 8165K, committed 8896K, reserved 1048576K
}
Event: 92.216 GC heap after
{Heap after GC invocations=1364 (full 4):
 PSYoungGen      total 5120K, used 336K [0x00000000eab00000, 0x00000000eb100000, 0x0000000100000000)
  eden space 4608K, 0% used [0x00000000eab00000,0x00000000eab00000,0x00000000eaf80000)
  from space 512K, 65% used [0x00000000eb080000,0x00000000eb0d4010,0x00000000eb100000)
  to   space 512K, 0% used [0x00000000eb000000,0x00000000eb000000,0x00000000eb080000)
 ParOldGen       total 289792K, used 289769K [0x00000000c0000000, 0x00000000d1b00000, 0x00000000eab00000)
  object space 289792K, 99% used [0x00000000c0000000,0x00000000d1afa430,0x00000000d1b00000)
 Metaspace       used 73929K, committed 75520K, reserved 1179648K
  class space    used 8165K, committed 8896K, reserved 1048576K
}
Event: 92.308 GC heap before
{Heap before GC invocations=1365 (full 4):
 PSYoungGen      total 5120K, used 4934K [0x00000000eab00000, 0x00000000eb100000, 0x0000000100000000)
  eden space 4608K, 99% used [0x00000000eab00000,0x00000000eaf7d8f0,0x00000000eaf80000)
  from space 512K, 65% used [0x00000000eb080000,0x00000000eb0d4010,0x00000000eb100000)
  to   space 512K, 0% used [0x00000000eb000000,0x00000000eb000000,0x00000000eb080000)
 ParOldGen       total 289792K, used 289769K [0x00000000c0000000, 0x00000000d1b00000, 0x00000000eab00000)
  object space 289792K, 99% used [0x00000000c0000000,0x00000000d1afa430,0x00000000d1b00000)
 Metaspace       used 74438K, committed 76032K, reserved 1179648K
  class space    used 8234K, committed 8960K, reserved 1048576K
}
Event: 92.310 GC heap after
{Heap after GC invocations=1365 (full 4):
 PSYoungGen      total 5120K, used 448K [0x00000000eab00000, 0x00000000eb100000, 0x0000000100000000)
  eden space 4608K, 0% used [0x00000000eab00000,0x00000000eab00000,0x00000000eaf80000)
  from space 512K, 87% used [0x00000000eb000000,0x00000000eb070000,0x00000000eb080000)
  to   space 512K, 0% used [0x00000000eb080000,0x00000000eb080000,0x00000000eb100000)
 ParOldGen       total 289792K, used 289769K [0x00000000c0000000, 0x00000000d1b00000, 0x00000000eab00000)
  object space 289792K, 99% used [0x00000000c0000000,0x00000000d1afa430,0x00000000d1b00000)
 Metaspace       used 74438K, committed 76032K, reserved 1179648K
  class space    used 8234K, committed 8960K, reserved 1048576K
}
Event: 148.456 GC heap before
{Heap before GC invocations=1366 (full 4):
 PSYoungGen      total 5120K, used 5048K [0x00000000eab00000, 0x00000000eb100000, 0x0000000100000000)
  eden space 4608K, 99% used [0x00000000eab00000,0x00000000eaf7e288,0x00000000eaf80000)
  from space 512K, 87% used [0x00000000eb000000,0x00000000eb070000,0x00000000eb080000)
  to   space 512K, 0% used [0x00000000eb080000,0x00000000eb080000,0x00000000eb100000)
 ParOldGen       total 289792K, used 289769K [0x00000000c0000000, 0x00000000d1b00000, 0x00000000eab00000)
  object space 289792K, 99% used [0x00000000c0000000,0x00000000d1afa430,0x00000000d1b00000)
 Metaspace       used 74805K, committed 76416K, reserved 1179648K
  class space    used 8288K, committed 9024K, reserved 1048576K
}
Event: 148.506 GC heap after
{Heap after GC invocations=1366 (full 4):
 PSYoungGen      total 5120K, used 496K [0x00000000eab00000, 0x00000000eb180000, 0x0000000100000000)
  eden space 4608K, 0% used [0x00000000eab00000,0x00000000eab00000,0x00000000eaf80000)
  from space 512K, 96% used [0x00000000eb080000,0x00000000eb0fc010,0x00000000eb100000)
  to   space 1024K, 0% used [0x00000000eaf80000,0x00000000eaf80000,0x00000000eb080000)
 ParOldGen       total 290304K, used 289833K [0x00000000c0000000, 0x00000000d1b80000, 0x00000000eab00000)
  object space 290304K, 99% used [0x00000000c0000000,0x00000000d1b0a440,0x00000000d1b80000)
 Metaspace       used 74805K, committed 76416K, reserved 1179648K
  class space    used 8288K, committed 9024K, reserved 1048576K
}
Event: 584.749 GC heap before
{Heap before GC invocations=1367 (full 4):
 PSYoungGen      total 5120K, used 5104K [0x00000000eab00000, 0x00000000eb180000, 0x0000000100000000)
  eden space 4608K, 100% used [0x00000000eab00000,0x00000000eaf80000,0x00000000eaf80000)
  from space 512K, 96% used [0x00000000eb080000,0x00000000eb0fc010,0x00000000eb100000)
  to   space 1024K, 0% used [0x00000000eaf80000,0x00000000eaf80000,0x00000000eb080000)
 ParOldGen       total 290304K, used 289833K [0x00000000c0000000, 0x00000000d1b80000, 0x00000000eab00000)
  object space 290304K, 99% used [0x00000000c0000000,0x00000000d1b0a440,0x00000000d1b80000)
 Metaspace       used 75270K, committed 76928K, reserved 1179648K
  class space    used 8341K, committed 9088K, reserved 1048576K
}
Event: 585.002 GC heap after
{Heap after GC invocations=1367 (full 4):
 PSYoungGen      total 5632K, used 704K [0x00000000eab00000, 0x00000000eb180000, 0x0000000100000000)
  eden space 4608K, 0% used [0x00000000eab00000,0x00000000eab00000,0x00000000eaf80000)
  from space 1024K, 68% used [0x00000000eaf80000,0x00000000eb030030,0x00000000eb080000)
  to   space 1024K, 0% used [0x00000000eb080000,0x00000000eb080000,0x00000000eb180000)
 ParOldGen       total 290304K, used 289977K [0x00000000c0000000, 0x00000000d1b80000, 0x00000000eab00000)
  object space 290304K, 99% used [0x00000000c0000000,0x00000000d1b2e470,0x00000000d1b80000)
 Metaspace       used 75270K, committed 76928K, reserved 1179648K
  class space    used 8341K, committed 9088K, reserved 1048576K
}

