# JRE version: OpenJDK Runtime Environment Temurin-21.0.6+7 (21.0.6+7) (build 21.0.6+7-LTS)
# Java VM: OpenJDK 64-Bit Server VM Temurin-21.0.6+7 (21.0.6+7-LTS, mixed mode, sharing, tiered, compressed oops, compressed class ptrs, parallel gc, windows-amd64)
GC Precious Log:
 CardTable entry size: 512
 CPUs: 8 total, 8 available
 Memory: 3974M
 Large Page Support: Disabled
 NUMA Support: Disabled
 Compressed Oops: Enabled (32-bit)
 Alignments: Space 512K, Generation 512K, Heap 2M
 Heap Min Capacity: 100M
 Heap Initial Capacity: 100M
 Heap Max Capacity: 1G
 Pre-touch: Disabled
 Parallel Workers: 8
Heap:
 PSYoungGen      total 2560K, used 2210K [0x00000000eab00000, 0x00000000eaf00000, 0x0000000100000000)
  eden space 2048K, 84% used [0x00000000eab00000,0x00000000eacb3260,0x00000000ead00000)
  from space 512K, 91% used [0x00000000eae80000,0x00000000eaef5808,0x00000000eaf00000)
  to   space 512K, 0% used [0x00000000eae00000,0x00000000eae00000,0x00000000eae80000)
 ParOldGen       total 470016K, used 469680K [0x00000000c0000000, 0x00000000dcb00000, 0x00000000eab00000)
  object space 470016K, 99% used [0x00000000c0000000,0x00000000dcaac068,0x00000000dcb00000)
 Metaspace       used 67544K, committed 68928K, reserved 1114112K
  class space    used 7453K, committed 8064K, reserved 1048576K
GC Heap History (20 events):
Event: 90.367 GC heap before
{Heap before GC invocations=688 (full 3):
 PSYoungGen      total 2560K, used 2368K [0x00000000eab00000, 0x00000000eae80000, 0x0000000100000000)
  eden space 2048K, 100% used [0x00000000eab00000,0x00000000ead00000,0x00000000ead00000)
  from space 512K, 62% used [0x00000000eae00000,0x00000000eae50000,0x00000000eae80000)
  to   space 512K, 0% used [0x00000000ead00000,0x00000000ead00000,0x00000000ead80000)
 ParOldGen       total 464896K, used 464400K [0x00000000c0000000, 0x00000000dc600000, 0x00000000eab00000)
  object space 464896K, 99% used [0x00000000c0000000,0x00000000dc584028,0x00000000dc600000)
 Metaspace       used 67537K, committed 68928K, reserved 1114112K
  class space    used 7453K, committed 8064K, reserved 1048576K
}
Event: 90.370 GC heap after
{Heap after GC invocations=688 (full 3):
 PSYoungGen      total 2560K, used 396K [0x00000000eab00000, 0x00000000eae80000, 0x0000000100000000)
  eden space 2048K, 0% used [0x00000000eab00000,0x00000000eab00000,0x00000000ead00000)
  from space 512K, 77% used [0x00000000ead00000,0x00000000ead63008,0x00000000ead80000)
  to   space 512K, 0% used [0x00000000eae00000,0x00000000eae00000,0x00000000eae80000)
 ParOldGen       total 464896K, used 464656K [0x00000000c0000000, 0x00000000dc600000, 0x00000000eab00000)
  object space 464896K, 99% used [0x00000000c0000000,0x00000000dc5c4028,0x00000000dc600000)
 Metaspace       used 67537K, committed 68928K, reserved 1114112K
  class space    used 7453K, committed 8064K, reserved 1048576K
}
Event: 90.383 GC heap before
{Heap before GC invocations=689 (full 3):
 PSYoungGen      total 2560K, used 2444K [0x00000000eab00000, 0x00000000eae80000, 0x0000000100000000)
  eden space 2048K, 100% used [0x00000000eab00000,0x00000000ead00000,0x00000000ead00000)
  from space 512K, 77% used [0x00000000ead00000,0x00000000ead63008,0x00000000ead80000)
  to   space 512K, 0% used [0x00000000eae00000,0x00000000eae00000,0x00000000eae80000)
 ParOldGen       total 464896K, used 464656K [0x00000000c0000000, 0x00000000dc600000, 0x00000000eab00000)
  object space 464896K, 99% used [0x00000000c0000000,0x00000000dc5c4028,0x00000000dc600000)
 Metaspace       used 67537K, committed 68928K, reserved 1114112K
  class space    used 7453K, committed 8064K, reserved 1048576K
}
Event: 90.386 GC heap after
{Heap after GC invocations=689 (full 3):
 PSYoungGen      total 2560K, used 320K [0x00000000eab00000, 0x00000000eae80000, 0x0000000100000000)
  eden space 2048K, 0% used [0x00000000eab00000,0x00000000eab00000,0x00000000ead00000)
  from space 512K, 62% used [0x00000000eae00000,0x00000000eae50000,0x00000000eae80000)
  to   space 512K, 0% used [0x00000000ead00000,0x00000000ead00000,0x00000000ead80000)
 ParOldGen       total 465408K, used 465028K [0x00000000c0000000, 0x00000000dc680000, 0x00000000eab00000)
  object space 465408K, 99% used [0x00000000c0000000,0x00000000dc621030,0x00000000dc680000)
 Metaspace       used 67537K, committed 68928K, reserved 1114112K
  class space    used 7453K, committed 8064K, reserved 1048576K
}
Event: 90.408 GC heap before
{Heap before GC invocations=690 (full 3):
 PSYoungGen      total 2560K, used 2368K [0x00000000eab00000, 0x00000000eae80000, 0x0000000100000000)
  eden space 2048K, 100% used [0x00000000eab00000,0x00000000ead00000,0x00000000ead00000)
  from space 512K, 62% used [0x00000000eae00000,0x00000000eae50000,0x00000000eae80000)
  to   space 512K, 0% used [0x00000000ead00000,0x00000000ead00000,0x00000000ead80000)
 ParOldGen       total 465408K, used 465028K [0x00000000c0000000, 0x00000000dc680000, 0x00000000eab00000)
  object space 465408K, 99% used [0x00000000c0000000,0x00000000dc621030,0x00000000dc680000)
 Metaspace       used 67537K, committed 68928K, reserved 1114112K
  class space    used 7453K, committed 8064K, reserved 1048576K
}
Event: 90.410 GC heap after
{Heap after GC invocations=690 (full 3):
 PSYoungGen      total 2560K, used 493K [0x00000000eab00000, 0x00000000eb000000, 0x0000000100000000)
  eden space 2048K, 0% used [0x00000000eab00000,0x00000000eab00000,0x00000000ead00000)
  from space 512K, 96% used [0x00000000ead00000,0x00000000ead7b600,0x00000000ead80000)
  to   space 1536K, 0% used [0x00000000eae80000,0x00000000eae80000,0x00000000eb000000)
 ParOldGen       total 465920K, used 465584K [0x00000000c0000000, 0x00000000dc700000, 0x00000000eab00000)
  object space 465920K, 99% used [0x00000000c0000000,0x00000000dc6ac230,0x00000000dc700000)
 Metaspace       used 67537K, committed 68928K, reserved 1114112K
  class space    used 7453K, committed 8064K, reserved 1048576K
}
Event: 90.445 GC heap before
{Heap before GC invocations=691 (full 3):
 PSYoungGen      total 2560K, used 2541K [0x00000000eab00000, 0x00000000eb000000, 0x0000000100000000)
  eden space 2048K, 100% used [0x00000000eab00000,0x00000000ead00000,0x00000000ead00000)
  from space 512K, 96% used [0x00000000ead00000,0x00000000ead7b600,0x00000000ead80000)
  to   space 1536K, 0% used [0x00000000eae80000,0x00000000eae80000,0x00000000eb000000)
 ParOldGen       total 465920K, used 465584K [0x00000000c0000000, 0x00000000dc700000, 0x00000000eab00000)
  object space 465920K, 99% used [0x00000000c0000000,0x00000000dc6ac230,0x00000000dc700000)
 Metaspace       used 67538K, committed 68928K, reserved 1114112K
  class space    used 7453K, committed 8064K, reserved 1048576K
}
Event: 90.448 GC heap after
{Heap after GC invocations=691 (full 3):
 PSYoungGen      total 2560K, used 512K [0x00000000eab00000, 0x00000000eaf00000, 0x0000000100000000)
  eden space 2048K, 0% used [0x00000000eab00000,0x00000000eab00000,0x00000000ead00000)
  from space 512K, 100% used [0x00000000eae80000,0x00000000eaf00000,0x00000000eaf00000)
  to   space 1024K, 0% used [0x00000000ead00000,0x00000000ead00000,0x00000000eae00000)
 ParOldGen       total 465920K, used 465744K [0x00000000c0000000, 0x00000000dc700000, 0x00000000eab00000)
  object space 465920K, 99% used [0x00000000c0000000,0x00000000dc6d4230,0x00000000dc700000)
 Metaspace       used 67538K, committed 68928K, reserved 1114112K
  class space    used 7453K, committed 8064K, reserved 1048576K
}
Event: 90.462 GC heap before
{Heap before GC invocations=692 (full 3):
 PSYoungGen      total 2560K, used 2560K [0x00000000eab00000, 0x00000000eaf00000, 0x0000000100000000)
  eden space 2048K, 100% used [0x00000000eab00000,0x00000000ead00000,0x00000000ead00000)
  from space 512K, 100% used [0x00000000eae80000,0x00000000eaf00000,0x00000000eaf00000)
  to   space 1024K, 0% used [0x00000000ead00000,0x00000000ead00000,0x00000000eae00000)
 ParOldGen       total 465920K, used 465744K [0x00000000c0000000, 0x00000000dc700000, 0x00000000eab00000)
  object space 465920K, 99% used [0x00000000c0000000,0x00000000dc6d4230,0x00000000dc700000)
 Metaspace       used 67538K, committed 68928K, reserved 1114112K
  class space    used 7453K, committed 8064K, reserved 1048576K
}
Event: 90.465 GC heap after
{Heap after GC invocations=692 (full 3):
 PSYoungGen      total 3072K, used 416K [0x00000000eab00000, 0x00000000eaf00000, 0x0000000100000000)
  eden space 2048K, 0% used [0x00000000eab00000,0x00000000eab00000,0x00000000ead00000)
  from space 1024K, 40% used [0x00000000ead00000,0x00000000ead68000,0x00000000eae00000)
  to   space 512K, 0% used [0x00000000eae80000,0x00000000eae80000,0x00000000eaf00000)
 ParOldGen       total 466432K, used 466109K [0x00000000c0000000, 0x00000000dc780000, 0x00000000eab00000)
  object space 466432K, 99% used [0x00000000c0000000,0x00000000dc72f778,0x00000000dc780000)
 Metaspace       used 67538K, committed 68928K, reserved 1114112K
  class space    used 7453K, committed 8064K, reserved 1048576K
}
Event: 90.478 GC heap before
{Heap before GC invocations=693 (full 3):
 PSYoungGen      total 3072K, used 2464K [0x00000000eab00000, 0x00000000eaf00000, 0x0000000100000000)
  eden space 2048K, 100% used [0x00000000eab00000,0x00000000ead00000,0x00000000ead00000)
  from space 1024K, 40% used [0x00000000ead00000,0x00000000ead68000,0x00000000eae00000)
  to   space 512K, 0% used [0x00000000eae80000,0x00000000eae80000,0x00000000eaf00000)
 ParOldGen       total 466432K, used 466109K [0x00000000c0000000, 0x00000000dc780000, 0x00000000eab00000)
  object space 466432K, 99% used [0x00000000c0000000,0x00000000dc72f778,0x00000000dc780000)
 Metaspace       used 67538K, committed 68928K, reserved 1114112K
  class space    used 7453K, committed 8064K, reserved 1048576K
}
Event: 90.481 GC heap after
{Heap after GC invocations=693 (full 3):
 PSYoungGen      total 2560K, used 443K [0x00000000eab00000, 0x00000000eaf00000, 0x0000000100000000)
  eden space 2048K, 0% used [0x00000000eab00000,0x00000000eab00000,0x00000000ead00000)
  from space 512K, 86% used [0x00000000eae80000,0x00000000eaeeec08,0x00000000eaf00000)
  to   space 512K, 0% used [0x00000000eae00000,0x00000000eae00000,0x00000000eae80000)
 ParOldGen       total 466944K, used 466445K [0x00000000c0000000, 0x00000000dc800000, 0x00000000eab00000)
  object space 466944K, 99% used [0x00000000c0000000,0x00000000dc783778,0x00000000dc800000)
 Metaspace       used 67538K, committed 68928K, reserved 1114112K
  class space    used 7453K, committed 8064K, reserved 1048576K
}
Event: 90.495 GC heap before
{Heap before GC invocations=694 (full 3):
 PSYoungGen      total 2560K, used 2491K [0x00000000eab00000, 0x00000000eaf00000, 0x0000000100000000)
  eden space 2048K, 100% used [0x00000000eab00000,0x00000000ead00000,0x00000000ead00000)
  from space 512K, 86% used [0x00000000eae80000,0x00000000eaeeec08,0x00000000eaf00000)
  to   space 512K, 0% used [0x00000000eae00000,0x00000000eae00000,0x00000000eae80000)
 ParOldGen       total 466944K, used 466445K [0x00000000c0000000, 0x00000000dc800000, 0x00000000eab00000)
  object space 466944K, 99% used [0x00000000c0000000,0x00000000dc783778,0x00000000dc800000)
 Metaspace       used 67538K, committed 68928K, reserved 1114112K
  class space    used 7453K, committed 8064K, reserved 1048576K
}
Event: 90.497 GC heap after
{Heap after GC invocations=694 (full 3):
 PSYoungGen      total 2560K, used 398K [0x00000000eab00000, 0x00000000eaf00000, 0x0000000100000000)
  eden space 2048K, 0% used [0x00000000eab00000,0x00000000eab00000,0x00000000ead00000)
  from space 512K, 77% used [0x00000000eae00000,0x00000000eae63b80,0x00000000eae80000)
  to   space 512K, 0% used [0x00000000eae80000,0x00000000eae80000,0x00000000eaf00000)
 ParOldGen       total 466944K, used 466768K [0x00000000c0000000, 0x00000000dc800000, 0x00000000eab00000)
  object space 466944K, 99% used [0x00000000c0000000,0x00000000dc7d4380,0x00000000dc800000)
 Metaspace       used 67538K, committed 68928K, reserved 1114112K
  class space    used 7453K, committed 8064K, reserved 1048576K
}
Event: 90.510 GC heap before
{Heap before GC invocations=695 (full 3):
 PSYoungGen      total 2560K, used 2446K [0x00000000eab00000, 0x00000000eaf00000, 0x0000000100000000)
  eden space 2048K, 100% used [0x00000000eab00000,0x00000000ead00000,0x00000000ead00000)
  from space 512K, 77% used [0x00000000eae00000,0x00000000eae63b80,0x00000000eae80000)
  to   space 512K, 0% used [0x00000000eae80000,0x00000000eae80000,0x00000000eaf00000)
 ParOldGen       total 466944K, used 466768K [0x00000000c0000000, 0x00000000dc800000, 0x00000000eab00000)
  object space 466944K, 99% used [0x00000000c0000000,0x00000000dc7d4380,0x00000000dc800000)
 Metaspace       used 67538K, committed 68928K, reserved 1114112K
  class space    used 7453K, committed 8064K, reserved 1048576K
}
Event: 90.514 GC heap after
{Heap after GC invocations=695 (full 3):
 PSYoungGen      total 2560K, used 384K [0x00000000eab00000, 0x00000000eaf00000, 0x0000000100000000)
  eden space 2048K, 0% used [0x00000000eab00000,0x00000000eab00000,0x00000000ead00000)
  from space 512K, 75% used [0x00000000eae80000,0x00000000eaee0000,0x00000000eaf00000)
  to   space 512K, 0% used [0x00000000eae00000,0x00000000eae00000,0x00000000eae80000)
 ParOldGen       total 467456K, used 467048K [0x00000000c0000000, 0x00000000dc880000, 0x00000000eab00000)
  object space 467456K, 99% used [0x00000000c0000000,0x00000000dc81a380,0x00000000dc880000)
 Metaspace       used 67538K, committed 68928K, reserved 1114112K
  class space    used 7453K, committed 8064K, reserved 1048576K
}
Event: 90.531 GC heap before
{Heap before GC invocations=696 (full 3):
 PSYoungGen      total 2560K, used 2432K [0x00000000eab00000, 0x00000000eaf00000, 0x0000000100000000)
  eden space 2048K, 100% used [0x00000000eab00000,0x00000000ead00000,0x00000000ead00000)
  from space 512K, 75% used [0x00000000eae80000,0x00000000eaee0000,0x00000000eaf00000)
  to   space 512K, 0% used [0x00000000eae00000,0x00000000eae00000,0x00000000eae80000)
 ParOldGen       total 467456K, used 467048K [0x00000000c0000000, 0x00000000dc880000, 0x00000000eab00000)
  object space 467456K, 99% used [0x00000000c0000000,0x00000000dc81a380,0x00000000dc880000)
 Metaspace       used 67538K, committed 68928K, reserved 1114112K
  class space    used 7453K, committed 8064K, reserved 1048576K
}
Event: 90.533 GC heap after
{Heap after GC invocations=696 (full 3):
 PSYoungGen      total 2560K, used 470K [0x00000000eab00000, 0x00000000eaf00000, 0x0000000100000000)
  eden space 2048K, 0% used [0x00000000eab00000,0x00000000eab00000,0x00000000ead00000)
  from space 512K, 91% used [0x00000000eae00000,0x00000000eae75808,0x00000000eae80000)
  to   space 512K, 0% used [0x00000000eae80000,0x00000000eae80000,0x00000000eaf00000)
 ParOldGen       total 467456K, used 467352K [0x00000000c0000000, 0x00000000dc880000, 0x00000000eab00000)
  object space 467456K, 99% used [0x00000000c0000000,0x00000000dc866380,0x00000000dc880000)
 Metaspace       used 67538K, committed 68928K, reserved 1114112K
  class space    used 7453K, committed 8064K, reserved 1048576K
}
Event: 90.550 GC heap before
{Heap before GC invocations=697 (full 3):
 PSYoungGen      total 2560K, used 2518K [0x00000000eab00000, 0x00000000eaf00000, 0x0000000100000000)
  eden space 2048K, 100% used [0x00000000eab00000,0x00000000ead00000,0x00000000ead00000)
  from space 512K, 91% used [0x00000000eae00000,0x00000000eae75808,0x00000000eae80000)
  to   space 512K, 0% used [0x00000000eae80000,0x00000000eae80000,0x00000000eaf00000)
 ParOldGen       total 467456K, used 467352K [0x00000000c0000000, 0x00000000dc880000, 0x00000000eab00000)
  object space 467456K, 99% used [0x00000000c0000000,0x00000000dc866380,0x00000000dc880000)
 Metaspace       used 67538K, committed 68928K, reserved 1114112K
  class space    used 7453K, committed 8064K, reserved 1048576K
}
Event: 90.553 GC heap after
{Heap after GC invocations=697 (full 3):
 PSYoungGen      total 2560K, used 480K [0x00000000eab00000, 0x00000000eaf00000, 0x0000000100000000)
  eden space 2048K, 0% used [0x00000000eab00000,0x00000000eab00000,0x00000000ead00000)
  from space 512K, 93% used [0x00000000eae80000,0x00000000eaef8000,0x00000000eaf00000)
  to   space 512K, 0% used [0x00000000eae00000,0x00000000eae00000,0x00000000eae80000)
 ParOldGen       total 467968K, used 467694K [0x00000000c0000000, 0x00000000dc900000, 0x00000000eab00000)
  object space 467968K, 99% used [0x00000000c0000000,0x00000000dc8bbb88,0x00000000dc900000)
 Metaspace       used 67538K, committed 68928K, reserved 1114112K
  class space    used 7453K, committed 8064K, reserved 1048576K
}

