# JRE version: OpenJDK Runtime Environment Temurin-21.0.6+7 (21.0.6+7) (build 21.0.6+7-LTS)
# Java VM: OpenJDK 64-Bit Server VM Temurin-21.0.6+7 (21.0.6+7-LTS, mixed mode, sharing, tiered, compressed oops, compressed class ptrs, parallel gc, windows-amd64)
GC Precious Log:
 CardTable entry size: 512
 CPUs: 8 total, 8 available
 Memory: 3974M
 Large Page Support: Disabled
 NUMA Support: Disabled
 Compressed Oops: Enabled (32-bit)
 Alignments: Space 512K, Generation 512K, Heap 2M
 Heap Min Capacity: 100M
 Heap Initial Capacity: 100M
 Heap Max Capacity: 1G
 Pre-touch: Disabled
 Parallel Workers: 8
Heap:
 PSYoungGen      total 4608K, used 4057K [0x00000000eab00000, 0x00000000eb100000, 0x0000000100000000)
  eden space 3072K, 100% used [0x00000000eab00000,0x00000000eae00000,0x00000000eae00000)
  from space 1536K, 64% used [0x00000000eaf80000,0x00000000eb076548,0x00000000eb100000)
  to   space 1536K, 56% used [0x00000000eae00000,0x00000000eaed8000,0x00000000eaf80000)
 ParOldGen       total 188928K, used 188920K [0x00000000c0000000, 0x00000000cb880000, 0x00000000eab00000)
  object space 188928K, 99% used [0x00000000c0000000,0x00000000cb87e1a8,0x00000000cb880000)
 Metaspace       used 60279K, committed 61568K, reserved 1114112K
  class space    used 6329K, committed 6912K, reserved 1048576K
GC Heap History (20 events):
Event: 19.649 GC heap before
{Heap before GC invocations=118 (full 3):
 PSYoungGen      total 5120K, used 4877K [0x00000000eab00000, 0x00000000eb200000, 0x0000000100000000)
  eden space 3072K, 100% used [0x00000000eab00000,0x00000000eae00000,0x00000000eae00000)
  from space 2048K, 88% used [0x00000000eb000000,0x00000000eb1c35d0,0x00000000eb200000)
  to   space 2048K, 0% used [0x00000000eae00000,0x00000000eae00000,0x00000000eb000000)
 ParOldGen       total 177664K, used 174574K [0x00000000c0000000, 0x00000000cad80000, 0x00000000eab00000)
  object space 177664K, 98% used [0x00000000c0000000,0x00000000caa7b8b8,0x00000000cad80000)
 Metaspace       used 60259K, committed 61568K, reserved 1114112K
  class space    used 6324K, committed 6912K, reserved 1048576K
}
Event: 19.652 GC heap after
{Heap after GC invocations=118 (full 3):
 PSYoungGen      total 4096K, used 928K [0x00000000eab00000, 0x00000000eb100000, 0x0000000100000000)
  eden space 3072K, 0% used [0x00000000eab00000,0x00000000eab00000,0x00000000eae00000)
  from space 1024K, 90% used [0x00000000eae00000,0x00000000eaee8188,0x00000000eaf00000)
  to   space 1536K, 0% used [0x00000000eaf80000,0x00000000eaf80000,0x00000000eb100000)
 ParOldGen       total 177664K, used 176295K [0x00000000c0000000, 0x00000000cad80000, 0x00000000eab00000)
  object space 177664K, 99% used [0x00000000c0000000,0x00000000cac29db0,0x00000000cad80000)
 Metaspace       used 60259K, committed 61568K, reserved 1114112K
  class space    used 6324K, committed 6912K, reserved 1048576K
}
Event: 19.666 GC heap before
{Heap before GC invocations=119 (full 3):
 PSYoungGen      total 4096K, used 4000K [0x00000000eab00000, 0x00000000eb100000, 0x0000000100000000)
  eden space 3072K, 100% used [0x00000000eab00000,0x00000000eae00000,0x00000000eae00000)
  from space 1024K, 90% used [0x00000000eae00000,0x00000000eaee8188,0x00000000eaf00000)
  to   space 1536K, 0% used [0x00000000eaf80000,0x00000000eaf80000,0x00000000eb100000)
 ParOldGen       total 177664K, used 176298K [0x00000000c0000000, 0x00000000cad80000, 0x00000000eab00000)
  object space 177664K, 99% used [0x00000000c0000000,0x00000000cac2abb0,0x00000000cad80000)
 Metaspace       used 60265K, committed 61568K, reserved 1114112K
  class space    used 6325K, committed 6912K, reserved 1048576K
}
Event: 19.667 GC heap after
{Heap after GC invocations=119 (full 3):
 PSYoungGen      total 4608K, used 996K [0x00000000eab00000, 0x00000000eb100000, 0x0000000100000000)
  eden space 3072K, 0% used [0x00000000eab00000,0x00000000eab00000,0x00000000eae00000)
  from space 1536K, 64% used [0x00000000eaf80000,0x00000000eb079250,0x00000000eb100000)
  to   space 1536K, 0% used [0x00000000eae00000,0x00000000eae00000,0x00000000eaf80000)
 ParOldGen       total 177664K, used 177144K [0x00000000c0000000, 0x00000000cad80000, 0x00000000eab00000)
  object space 177664K, 99% used [0x00000000c0000000,0x00000000cacfe1e0,0x00000000cad80000)
 Metaspace       used 60265K, committed 61568K, reserved 1114112K
  class space    used 6325K, committed 6912K, reserved 1048576K
}
Event: 19.679 GC heap before
{Heap before GC invocations=120 (full 3):
 PSYoungGen      total 4608K, used 4068K [0x00000000eab00000, 0x00000000eb100000, 0x0000000100000000)
  eden space 3072K, 100% used [0x00000000eab00000,0x00000000eae00000,0x00000000eae00000)
  from space 1536K, 64% used [0x00000000eaf80000,0x00000000eb079250,0x00000000eb100000)
  to   space 1536K, 0% used [0x00000000eae00000,0x00000000eae00000,0x00000000eaf80000)
 ParOldGen       total 177664K, used 177144K [0x00000000c0000000, 0x00000000cad80000, 0x00000000eab00000)
  object space 177664K, 99% used [0x00000000c0000000,0x00000000cacfe1e0,0x00000000cad80000)
 Metaspace       used 60278K, committed 61568K, reserved 1114112K
  class space    used 6329K, committed 6912K, reserved 1048576K
}
Event: 19.681 GC heap after
{Heap after GC invocations=120 (full 3):
 PSYoungGen      total 4608K, used 1256K [0x00000000eab00000, 0x00000000eb100000, 0x0000000100000000)
  eden space 3072K, 0% used [0x00000000eab00000,0x00000000eab00000,0x00000000eae00000)
  from space 1536K, 81% used [0x00000000eae00000,0x00000000eaf3a160,0x00000000eaf80000)
  to   space 1536K, 0% used [0x00000000eaf80000,0x00000000eaf80000,0x00000000eb100000)
 ParOldGen       total 178176K, used 177956K [0x00000000c0000000, 0x00000000cae00000, 0x00000000eab00000)
  object space 178176K, 99% used [0x00000000c0000000,0x00000000cadc9370,0x00000000cae00000)
 Metaspace       used 60278K, committed 61568K, reserved 1114112K
  class space    used 6329K, committed 6912K, reserved 1048576K
}
Event: 19.696 GC heap before
{Heap before GC invocations=121 (full 3):
 PSYoungGen      total 4608K, used 4328K [0x00000000eab00000, 0x00000000eb100000, 0x0000000100000000)
  eden space 3072K, 100% used [0x00000000eab00000,0x00000000eae00000,0x00000000eae00000)
  from space 1536K, 81% used [0x00000000eae00000,0x00000000eaf3a160,0x00000000eaf80000)
  to   space 1536K, 0% used [0x00000000eaf80000,0x00000000eaf80000,0x00000000eb100000)
 ParOldGen       total 178176K, used 177956K [0x00000000c0000000, 0x00000000cae00000, 0x00000000eab00000)
  object space 178176K, 99% used [0x00000000c0000000,0x00000000cadc9370,0x00000000cae00000)
 Metaspace       used 60279K, committed 61568K, reserved 1114112K
  class space    used 6329K, committed 6912K, reserved 1048576K
}
Event: 19.699 GC heap after
{Heap after GC invocations=121 (full 3):
 PSYoungGen      total 4608K, used 982K [0x00000000eab00000, 0x00000000eb100000, 0x0000000100000000)
  eden space 3072K, 0% used [0x00000000eab00000,0x00000000eab00000,0x00000000eae00000)
  from space 1536K, 63% used [0x00000000eaf80000,0x00000000eb075b50,0x00000000eb100000)
  to   space 1536K, 0% used [0x00000000eae00000,0x00000000eae00000,0x00000000eaf80000)
 ParOldGen       total 179200K, used 179119K [0x00000000c0000000, 0x00000000caf00000, 0x00000000eab00000)
  object space 179200K, 99% used [0x00000000c0000000,0x00000000caeebf20,0x00000000caf00000)
 Metaspace       used 60279K, committed 61568K, reserved 1114112K
  class space    used 6329K, committed 6912K, reserved 1048576K
}
Event: 19.725 GC heap before
{Heap before GC invocations=122 (full 3):
 PSYoungGen      total 4608K, used 4054K [0x00000000eab00000, 0x00000000eb100000, 0x0000000100000000)
  eden space 3072K, 100% used [0x00000000eab00000,0x00000000eae00000,0x00000000eae00000)
  from space 1536K, 63% used [0x00000000eaf80000,0x00000000eb075b50,0x00000000eb100000)
  to   space 1536K, 0% used [0x00000000eae00000,0x00000000eae00000,0x00000000eaf80000)
 ParOldGen       total 179200K, used 179119K [0x00000000c0000000, 0x00000000caf00000, 0x00000000eab00000)
  object space 179200K, 99% used [0x00000000c0000000,0x00000000caeebf20,0x00000000caf00000)
 Metaspace       used 60279K, committed 61568K, reserved 1114112K
  class space    used 6329K, committed 6912K, reserved 1048576K
}
Event: 19.731 GC heap after
{Heap after GC invocations=122 (full 3):
 PSYoungGen      total 4608K, used 1298K [0x00000000eab00000, 0x00000000eb100000, 0x0000000100000000)
  eden space 3072K, 0% used [0x00000000eab00000,0x00000000eab00000,0x00000000eae00000)
  from space 1536K, 84% used [0x00000000eae00000,0x00000000eaf44b88,0x00000000eaf80000)
  to   space 1536K, 0% used [0x00000000eaf80000,0x00000000eaf80000,0x00000000eb100000)
 ParOldGen       total 180224K, used 180019K [0x00000000c0000000, 0x00000000cb000000, 0x00000000eab00000)
  object space 180224K, 99% used [0x00000000c0000000,0x00000000cafcce50,0x00000000cb000000)
 Metaspace       used 60279K, committed 61568K, reserved 1114112K
  class space    used 6329K, committed 6912K, reserved 1048576K
}
Event: 19.756 GC heap before
{Heap before GC invocations=123 (full 3):
 PSYoungGen      total 4608K, used 4368K [0x00000000eab00000, 0x00000000eb100000, 0x0000000100000000)
  eden space 3072K, 99% used [0x00000000eab00000,0x00000000eadff538,0x00000000eae00000)
  from space 1536K, 84% used [0x00000000eae00000,0x00000000eaf44b88,0x00000000eaf80000)
  to   space 1536K, 0% used [0x00000000eaf80000,0x00000000eaf80000,0x00000000eb100000)
 ParOldGen       total 183296K, used 183073K [0x00000000c0000000, 0x00000000cb300000, 0x00000000eab00000)
  object space 183296K, 99% used [0x00000000c0000000,0x00000000cb2c8748,0x00000000cb300000)
 Metaspace       used 60279K, committed 61568K, reserved 1114112K
  class space    used 6329K, committed 6912K, reserved 1048576K
}
Event: 19.759 GC heap after
{Heap after GC invocations=123 (full 3):
 PSYoungGen      total 4608K, used 1001K [0x00000000eab00000, 0x00000000eb100000, 0x0000000100000000)
  eden space 3072K, 0% used [0x00000000eab00000,0x00000000eab00000,0x00000000eae00000)
  from space 1536K, 65% used [0x00000000eaf80000,0x00000000eb07a6d0,0x00000000eb100000)
  to   space 1536K, 0% used [0x00000000eae00000,0x00000000eae00000,0x00000000eaf80000)
 ParOldGen       total 184320K, used 184251K [0x00000000c0000000, 0x00000000cb400000, 0x00000000eab00000)
  object space 184320K, 99% used [0x00000000c0000000,0x00000000cb3eed38,0x00000000cb400000)
 Metaspace       used 60279K, committed 61568K, reserved 1114112K
  class space    used 6329K, committed 6912K, reserved 1048576K
}
Event: 19.784 GC heap before
{Heap before GC invocations=124 (full 3):
 PSYoungGen      total 4608K, used 4073K [0x00000000eab00000, 0x00000000eb100000, 0x0000000100000000)
  eden space 3072K, 100% used [0x00000000eab00000,0x00000000eae00000,0x00000000eae00000)
  from space 1536K, 65% used [0x00000000eaf80000,0x00000000eb07a6d0,0x00000000eb100000)
  to   space 1536K, 0% used [0x00000000eae00000,0x00000000eae00000,0x00000000eaf80000)
 ParOldGen       total 184320K, used 184251K [0x00000000c0000000, 0x00000000cb400000, 0x00000000eab00000)
  object space 184320K, 99% used [0x00000000c0000000,0x00000000cb3eed38,0x00000000cb400000)
 Metaspace       used 60279K, committed 61568K, reserved 1114112K
  class space    used 6329K, committed 6912K, reserved 1048576K
}
Event: 19.791 GC heap after
{Heap after GC invocations=124 (full 3):
 PSYoungGen      total 4608K, used 1158K [0x00000000eab00000, 0x00000000eb100000, 0x0000000100000000)
  eden space 3072K, 0% used [0x00000000eab00000,0x00000000eab00000,0x00000000eae00000)
  from space 1536K, 75% used [0x00000000eae00000,0x00000000eaf21ac8,0x00000000eaf80000)
  to   space 1536K, 0% used [0x00000000eaf80000,0x00000000eaf80000,0x00000000eb100000)
 ParOldGen       total 185344K, used 185155K [0x00000000c0000000, 0x00000000cb500000, 0x00000000eab00000)
  object space 185344K, 99% used [0x00000000c0000000,0x00000000cb4d0d38,0x00000000cb500000)
 Metaspace       used 60279K, committed 61568K, reserved 1114112K
  class space    used 6329K, committed 6912K, reserved 1048576K
}
Event: 19.814 GC heap before
{Heap before GC invocations=125 (full 3):
 PSYoungGen      total 4608K, used 4230K [0x00000000eab00000, 0x00000000eb100000, 0x0000000100000000)
  eden space 3072K, 100% used [0x00000000eab00000,0x00000000eae00000,0x00000000eae00000)
  from space 1536K, 75% used [0x00000000eae00000,0x00000000eaf21ac8,0x00000000eaf80000)
  to   space 1536K, 0% used [0x00000000eaf80000,0x00000000eaf80000,0x00000000eb100000)
 ParOldGen       total 185344K, used 185155K [0x00000000c0000000, 0x00000000cb500000, 0x00000000eab00000)
  object space 185344K, 99% used [0x00000000c0000000,0x00000000cb4d0d38,0x00000000cb500000)
 Metaspace       used 60279K, committed 61568K, reserved 1114112K
  class space    used 6329K, committed 6912K, reserved 1048576K
}
Event: 19.817 GC heap after
{Heap after GC invocations=125 (full 3):
 PSYoungGen      total 4608K, used 1154K [0x00000000eab00000, 0x00000000eb100000, 0x0000000100000000)
  eden space 3072K, 0% used [0x00000000eab00000,0x00000000eab00000,0x00000000eae00000)
  from space 1536K, 75% used [0x00000000eaf80000,0x00000000eb0a0b98,0x00000000eb100000)
  to   space 1536K, 0% used [0x00000000eae00000,0x00000000eae00000,0x00000000eaf80000)
 ParOldGen       total 186368K, used 186188K [0x00000000c0000000, 0x00000000cb600000, 0x00000000eab00000)
  object space 186368K, 99% used [0x00000000c0000000,0x00000000cb5d33b0,0x00000000cb600000)
 Metaspace       used 60279K, committed 61568K, reserved 1114112K
  class space    used 6329K, committed 6912K, reserved 1048576K
}
Event: 19.832 GC heap before
{Heap before GC invocations=126 (full 3):
 PSYoungGen      total 4608K, used 4226K [0x00000000eab00000, 0x00000000eb100000, 0x0000000100000000)
  eden space 3072K, 100% used [0x00000000eab00000,0x00000000eae00000,0x00000000eae00000)
  from space 1536K, 75% used [0x00000000eaf80000,0x00000000eb0a0b98,0x00000000eb100000)
  to   space 1536K, 0% used [0x00000000eae00000,0x00000000eae00000,0x00000000eaf80000)
 ParOldGen       total 186368K, used 186188K [0x00000000c0000000, 0x00000000cb600000, 0x00000000eab00000)
  object space 186368K, 99% used [0x00000000c0000000,0x00000000cb5d33b0,0x00000000cb600000)
 Metaspace       used 60279K, committed 61568K, reserved 1114112K
  class space    used 6329K, committed 6912K, reserved 1048576K
}
Event: 19.834 GC heap after
{Heap after GC invocations=126 (full 3):
 PSYoungGen      total 4608K, used 1076K [0x00000000eab00000, 0x00000000eb100000, 0x0000000100000000)
  eden space 3072K, 0% used [0x00000000eab00000,0x00000000eab00000,0x00000000eae00000)
  from space 1536K, 70% used [0x00000000eae00000,0x00000000eaf0d290,0x00000000eaf80000)
  to   space 1536K, 0% used [0x00000000eaf80000,0x00000000eaf80000,0x00000000eb100000)
 ParOldGen       total 187392K, used 187235K [0x00000000c0000000, 0x00000000cb700000, 0x00000000eab00000)
  object space 187392K, 99% used [0x00000000c0000000,0x00000000cb6d8d68,0x00000000cb700000)
 Metaspace       used 60279K, committed 61568K, reserved 1114112K
  class space    used 6329K, committed 6912K, reserved 1048576K
}
Event: 19.853 GC heap before
{Heap before GC invocations=127 (full 3):
 PSYoungGen      total 4608K, used 4148K [0x00000000eab00000, 0x00000000eb100000, 0x0000000100000000)
  eden space 3072K, 100% used [0x00000000eab00000,0x00000000eae00000,0x00000000eae00000)
  from space 1536K, 70% used [0x00000000eae00000,0x00000000eaf0d290,0x00000000eaf80000)
  to   space 1536K, 0% used [0x00000000eaf80000,0x00000000eaf80000,0x00000000eb100000)
 ParOldGen       total 187392K, used 187235K [0x00000000c0000000, 0x00000000cb700000, 0x00000000eab00000)
  object space 187392K, 99% used [0x00000000c0000000,0x00000000cb6d8d68,0x00000000cb700000)
 Metaspace       used 60279K, committed 61568K, reserved 1114112K
  class space    used 6329K, committed 6912K, reserved 1048576K
}
Event: 19.856 GC heap after
{Heap after GC invocations=127 (full 3):
 PSYoungGen      total 4608K, used 985K [0x00000000eab00000, 0x00000000eb100000, 0x0000000100000000)
  eden space 3072K, 0% used [0x00000000eab00000,0x00000000eab00000,0x00000000eae00000)
  from space 1536K, 64% used [0x00000000eaf80000,0x00000000eb076548,0x00000000eb100000)
  to   space 1536K, 0% used [0x00000000eae00000,0x00000000eae00000,0x00000000eaf80000)
 ParOldGen       total 188416K, used 188172K [0x00000000c0000000, 0x00000000cb800000, 0x00000000eab00000)
  object space 188416K, 99% used [0x00000000c0000000,0x00000000cb7c3360,0x00000000cb800000)
 Metaspace       used 60279K, committed 61568K, reserved 1114112K
  class space    used 6329K, committed 6912K, reserved 1048576K
}

