# JRE version: OpenJDK Runtime Environment Temurin-21.0.6+7 (21.0.6+7) (build 21.0.6+7-LTS)
# Java VM: OpenJDK 64-Bit Server VM Temurin-21.0.6+7 (21.0.6+7-LTS, mixed mode, sharing, tiered, compressed oops, compressed class ptrs, parallel gc, windows-amd64)
GC Precious Log:
 CardTable entry size: 512
 CPUs: 8 total, 8 available
 Memory: 3974M
 Large Page Support: Disabled
 NUMA Support: Disabled
 Compressed Oops: Enabled (32-bit)
 Alignments: Space 512K, Generation 512K, Heap 2M
 Heap Min Capacity: 100M
 Heap Initial Capacity: 100M
 Heap Max Capacity: 1G
 Pre-touch: Disabled
 Parallel Workers: 8
Heap:
 PSYoungGen      total 4096K, used 1108K [0x00000000eab00000, 0x00000000eb000000, 0x0000000100000000)
  eden space 3072K, 5% used [0x00000000eab00000,0x00000000eab2b3d8,0x00000000eae00000)
  from space 1024K, 91% used [0x00000000eaf00000,0x00000000eafe9c30,0x00000000eb000000)
  to   space 1024K, 0% used [0x00000000eae00000,0x00000000eae00000,0x00000000eaf00000)
 ParOldGen       total 182272K, used 181897K [0x00000000c0000000, 0x00000000cb200000, 0x00000000eab00000)
  object space 182272K, 99% used [0x00000000c0000000,0x00000000cb1a27f0,0x00000000cb200000)
 Metaspace       used 65546K, committed 66944K, reserved 1114112K
  class space    used 7222K, committed 7808K, reserved 1048576K
GC Heap History (20 events):
Event: 40.796 GC heap before
{Heap before GC invocations=137 (full 3):
 PSYoungGen      total 5120K, used 4998K [0x00000000eab00000, 0x00000000eb100000, 0x0000000100000000)
  eden space 4096K, 100% used [0x00000000eab00000,0x00000000eaf00000,0x00000000eaf00000)
  from space 1024K, 88% used [0x00000000eaf00000,0x00000000eafe1a20,0x00000000eb000000)
  to   space 1024K, 0% used [0x00000000eb000000,0x00000000eb000000,0x00000000eb100000)
 ParOldGen       total 173568K, used 173523K [0x00000000c0000000, 0x00000000ca980000, 0x00000000eab00000)
  object space 173568K, 99% used [0x00000000c0000000,0x00000000ca974d60,0x00000000ca980000)
 Metaspace       used 64821K, committed 66176K, reserved 1114112K
  class space    used 7083K, committed 7616K, reserved 1048576K
}
Event: 40.799 GC heap after
{Heap after GC invocations=137 (full 3):
 PSYoungGen      total 4096K, used 994K [0x00000000eab00000, 0x00000000eb300000, 0x0000000100000000)
  eden space 3072K, 0% used [0x00000000eab00000,0x00000000eab00000,0x00000000eae00000)
  from space 1024K, 97% used [0x00000000eb000000,0x00000000eb0f8be8,0x00000000eb100000)
  to   space 2048K, 0% used [0x00000000eae00000,0x00000000eae00000,0x00000000eb000000)
 ParOldGen       total 174592K, used 174323K [0x00000000c0000000, 0x00000000caa80000, 0x00000000eab00000)
  object space 174592K, 99% used [0x00000000c0000000,0x00000000caa3cc40,0x00000000caa80000)
 Metaspace       used 64821K, committed 66176K, reserved 1114112K
  class space    used 7083K, committed 7616K, reserved 1048576K
}
Event: 40.833 GC heap before
{Heap before GC invocations=138 (full 3):
 PSYoungGen      total 4096K, used 4066K [0x00000000eab00000, 0x00000000eb300000, 0x0000000100000000)
  eden space 3072K, 100% used [0x00000000eab00000,0x00000000eae00000,0x00000000eae00000)
  from space 1024K, 97% used [0x00000000eb000000,0x00000000eb0f8be8,0x00000000eb100000)
  to   space 2048K, 0% used [0x00000000eae00000,0x00000000eae00000,0x00000000eb000000)
 ParOldGen       total 174592K, used 174323K [0x00000000c0000000, 0x00000000caa80000, 0x00000000eab00000)
  object space 174592K, 99% used [0x00000000c0000000,0x00000000caa3cc40,0x00000000caa80000)
 Metaspace       used 64983K, committed 66368K, reserved 1114112K
  class space    used 7109K, committed 7680K, reserved 1048576K
}
Event: 40.837 GC heap after
{Heap after GC invocations=138 (full 3):
 PSYoungGen      total 4096K, used 656K [0x00000000eab00000, 0x00000000eb100000, 0x0000000100000000)
  eden space 3072K, 0% used [0x00000000eab00000,0x00000000eab00000,0x00000000eae00000)
  from space 1024K, 64% used [0x00000000eae00000,0x00000000eaea41e0,0x00000000eaf00000)
  to   space 1536K, 0% used [0x00000000eaf80000,0x00000000eaf80000,0x00000000eb100000)
 ParOldGen       total 175616K, used 175210K [0x00000000c0000000, 0x00000000cab80000, 0x00000000eab00000)
  object space 175616K, 99% used [0x00000000c0000000,0x00000000cab1a810,0x00000000cab80000)
 Metaspace       used 64983K, committed 66368K, reserved 1114112K
  class space    used 7109K, committed 7680K, reserved 1048576K
}
Event: 40.858 GC heap before
{Heap before GC invocations=139 (full 3):
 PSYoungGen      total 4096K, used 3728K [0x00000000eab00000, 0x00000000eb100000, 0x0000000100000000)
  eden space 3072K, 100% used [0x00000000eab00000,0x00000000eae00000,0x00000000eae00000)
  from space 1024K, 64% used [0x00000000eae00000,0x00000000eaea41e0,0x00000000eaf00000)
  to   space 1536K, 0% used [0x00000000eaf80000,0x00000000eaf80000,0x00000000eb100000)
 ParOldGen       total 175616K, used 175210K [0x00000000c0000000, 0x00000000cab80000, 0x00000000eab00000)
  object space 175616K, 99% used [0x00000000c0000000,0x00000000cab1a810,0x00000000cab80000)
 Metaspace       used 65056K, committed 66496K, reserved 1114112K
  class space    used 7126K, committed 7744K, reserved 1048576K
}
Event: 40.860 GC heap after
{Heap after GC invocations=139 (full 3):
 PSYoungGen      total 4096K, used 704K [0x00000000eab00000, 0x00000000eb080000, 0x0000000100000000)
  eden space 3072K, 0% used [0x00000000eab00000,0x00000000eab00000,0x00000000eae00000)
  from space 1024K, 68% used [0x00000000eaf80000,0x00000000eb030000,0x00000000eb080000)
  to   space 1024K, 0% used [0x00000000eae00000,0x00000000eae00000,0x00000000eaf00000)
 ParOldGen       total 176128K, used 175746K [0x00000000c0000000, 0x00000000cac00000, 0x00000000eab00000)
  object space 176128K, 99% used [0x00000000c0000000,0x00000000caba0bd0,0x00000000cac00000)
 Metaspace       used 65056K, committed 66496K, reserved 1114112K
  class space    used 7126K, committed 7744K, reserved 1048576K
}
Event: 40.882 GC heap before
{Heap before GC invocations=140 (full 3):
 PSYoungGen      total 4096K, used 3776K [0x00000000eab00000, 0x00000000eb080000, 0x0000000100000000)
  eden space 3072K, 100% used [0x00000000eab00000,0x00000000eae00000,0x00000000eae00000)
  from space 1024K, 68% used [0x00000000eaf80000,0x00000000eb030000,0x00000000eb080000)
  to   space 1024K, 0% used [0x00000000eae00000,0x00000000eae00000,0x00000000eaf00000)
 ParOldGen       total 176128K, used 175746K [0x00000000c0000000, 0x00000000cac00000, 0x00000000eab00000)
  object space 176128K, 99% used [0x00000000c0000000,0x00000000caba0bd0,0x00000000cac00000)
 Metaspace       used 65132K, committed 66560K, reserved 1114112K
  class space    used 7146K, committed 7744K, reserved 1048576K
}
Event: 40.884 GC heap after
{Heap after GC invocations=140 (full 3):
 PSYoungGen      total 4096K, used 636K [0x00000000eab00000, 0x00000000eb000000, 0x0000000100000000)
  eden space 3072K, 0% used [0x00000000eab00000,0x00000000eab00000,0x00000000eae00000)
  from space 1024K, 62% used [0x00000000eae00000,0x00000000eae9f1a0,0x00000000eaf00000)
  to   space 1024K, 0% used [0x00000000eaf00000,0x00000000eaf00000,0x00000000eb000000)
 ParOldGen       total 176640K, used 176316K [0x00000000c0000000, 0x00000000cac80000, 0x00000000eab00000)
  object space 176640K, 99% used [0x00000000c0000000,0x00000000cac2f130,0x00000000cac80000)
 Metaspace       used 65132K, committed 66560K, reserved 1114112K
  class space    used 7146K, committed 7744K, reserved 1048576K
}
Event: 40.939 GC heap before
{Heap before GC invocations=141 (full 3):
 PSYoungGen      total 4096K, used 3708K [0x00000000eab00000, 0x00000000eb000000, 0x0000000100000000)
  eden space 3072K, 99% used [0x00000000eab00000,0x00000000eadfff88,0x00000000eae00000)
  from space 1024K, 62% used [0x00000000eae00000,0x00000000eae9f1a0,0x00000000eaf00000)
  to   space 1024K, 0% used [0x00000000eaf00000,0x00000000eaf00000,0x00000000eb000000)
 ParOldGen       total 176640K, used 176316K [0x00000000c0000000, 0x00000000cac80000, 0x00000000eab00000)
  object space 176640K, 99% used [0x00000000c0000000,0x00000000cac2f130,0x00000000cac80000)
 Metaspace       used 65212K, committed 66624K, reserved 1114112K
  class space    used 7165K, committed 7744K, reserved 1048576K
}
Event: 40.942 GC heap after
{Heap after GC invocations=141 (full 3):
 PSYoungGen      total 4096K, used 711K [0x00000000eab00000, 0x00000000eb000000, 0x0000000100000000)
  eden space 3072K, 0% used [0x00000000eab00000,0x00000000eab00000,0x00000000eae00000)
  from space 1024K, 69% used [0x00000000eaf00000,0x00000000eafb1e78,0x00000000eb000000)
  to   space 1024K, 0% used [0x00000000eae00000,0x00000000eae00000,0x00000000eaf00000)
 ParOldGen       total 177152K, used 176862K [0x00000000c0000000, 0x00000000cad00000, 0x00000000eab00000)
  object space 177152K, 99% used [0x00000000c0000000,0x00000000cacb78b0,0x00000000cad00000)
 Metaspace       used 65212K, committed 66624K, reserved 1114112K
  class space    used 7165K, committed 7744K, reserved 1048576K
}
Event: 40.974 GC heap before
{Heap before GC invocations=142 (full 3):
 PSYoungGen      total 4096K, used 3783K [0x00000000eab00000, 0x00000000eb000000, 0x0000000100000000)
  eden space 3072K, 100% used [0x00000000eab00000,0x00000000eae00000,0x00000000eae00000)
  from space 1024K, 69% used [0x00000000eaf00000,0x00000000eafb1e78,0x00000000eb000000)
  to   space 1024K, 0% used [0x00000000eae00000,0x00000000eae00000,0x00000000eaf00000)
 ParOldGen       total 177152K, used 176862K [0x00000000c0000000, 0x00000000cad00000, 0x00000000eab00000)
  object space 177152K, 99% used [0x00000000c0000000,0x00000000cacb78b0,0x00000000cad00000)
 Metaspace       used 65280K, committed 66688K, reserved 1114112K
  class space    used 7178K, committed 7744K, reserved 1048576K
}
Event: 40.978 GC heap after
{Heap after GC invocations=142 (full 3):
 PSYoungGen      total 4096K, used 736K [0x00000000eab00000, 0x00000000eb000000, 0x0000000100000000)
  eden space 3072K, 0% used [0x00000000eab00000,0x00000000eab00000,0x00000000eae00000)
  from space 1024K, 71% used [0x00000000eae00000,0x00000000eaeb8000,0x00000000eaf00000)
  to   space 1024K, 0% used [0x00000000eaf00000,0x00000000eaf00000,0x00000000eb000000)
 ParOldGen       total 177664K, used 177446K [0x00000000c0000000, 0x00000000cad80000, 0x00000000eab00000)
  object space 177664K, 99% used [0x00000000c0000000,0x00000000cad49ac8,0x00000000cad80000)
 Metaspace       used 65280K, committed 66688K, reserved 1114112K
  class space    used 7178K, committed 7744K, reserved 1048576K
}
Event: 41.006 GC heap before
{Heap before GC invocations=143 (full 3):
 PSYoungGen      total 4096K, used 3808K [0x00000000eab00000, 0x00000000eb000000, 0x0000000100000000)
  eden space 3072K, 100% used [0x00000000eab00000,0x00000000eae00000,0x00000000eae00000)
  from space 1024K, 71% used [0x00000000eae00000,0x00000000eaeb8000,0x00000000eaf00000)
  to   space 1024K, 0% used [0x00000000eaf00000,0x00000000eaf00000,0x00000000eb000000)
 ParOldGen       total 177664K, used 177446K [0x00000000c0000000, 0x00000000cad80000, 0x00000000eab00000)
  object space 177664K, 99% used [0x00000000c0000000,0x00000000cad49ac8,0x00000000cad80000)
 Metaspace       used 65344K, committed 66752K, reserved 1114112K
  class space    used 7196K, committed 7808K, reserved 1048576K
}
Event: 41.009 GC heap after
{Heap after GC invocations=143 (full 3):
 PSYoungGen      total 4096K, used 688K [0x00000000eab00000, 0x00000000eb000000, 0x0000000100000000)
  eden space 3072K, 0% used [0x00000000eab00000,0x00000000eab00000,0x00000000eae00000)
  from space 1024K, 67% used [0x00000000eaf00000,0x00000000eafac2c0,0x00000000eb000000)
  to   space 1024K, 0% used [0x00000000eae00000,0x00000000eae00000,0x00000000eaf00000)
 ParOldGen       total 178176K, used 178033K [0x00000000c0000000, 0x00000000cae00000, 0x00000000eab00000)
  object space 178176K, 99% used [0x00000000c0000000,0x00000000caddc5d8,0x00000000cae00000)
 Metaspace       used 65344K, committed 66752K, reserved 1114112K
  class space    used 7196K, committed 7808K, reserved 1048576K
}
Event: 41.030 GC heap before
{Heap before GC invocations=144 (full 3):
 PSYoungGen      total 4096K, used 3760K [0x00000000eab00000, 0x00000000eb000000, 0x0000000100000000)
  eden space 3072K, 100% used [0x00000000eab00000,0x00000000eae00000,0x00000000eae00000)
  from space 1024K, 67% used [0x00000000eaf00000,0x00000000eafac2c0,0x00000000eb000000)
  to   space 1024K, 0% used [0x00000000eae00000,0x00000000eae00000,0x00000000eaf00000)
 ParOldGen       total 178176K, used 178033K [0x00000000c0000000, 0x00000000cae00000, 0x00000000eab00000)
  object space 178176K, 99% used [0x00000000c0000000,0x00000000caddc5d8,0x00000000cae00000)
 Metaspace       used 65399K, committed 66816K, reserved 1114112K
  class space    used 7206K, committed 7808K, reserved 1048576K
}
Event: 41.033 GC heap after
{Heap after GC invocations=144 (full 3):
 PSYoungGen      total 4096K, used 672K [0x00000000eab00000, 0x00000000eb000000, 0x0000000100000000)
  eden space 3072K, 0% used [0x00000000eab00000,0x00000000eab00000,0x00000000eae00000)
  from space 1024K, 65% used [0x00000000eae00000,0x00000000eaea8000,0x00000000eaf00000)
  to   space 1024K, 0% used [0x00000000eaf00000,0x00000000eaf00000,0x00000000eb000000)
 ParOldGen       total 178688K, used 178571K [0x00000000c0000000, 0x00000000cae80000, 0x00000000eab00000)
  object space 178688K, 99% used [0x00000000c0000000,0x00000000cae62c28,0x00000000cae80000)
 Metaspace       used 65399K, committed 66816K, reserved 1114112K
  class space    used 7206K, committed 7808K, reserved 1048576K
}
Event: 41.069 GC heap before
{Heap before GC invocations=145 (full 3):
 PSYoungGen      total 4096K, used 3744K [0x00000000eab00000, 0x00000000eb000000, 0x0000000100000000)
  eden space 3072K, 100% used [0x00000000eab00000,0x00000000eae00000,0x00000000eae00000)
  from space 1024K, 65% used [0x00000000eae00000,0x00000000eaea8000,0x00000000eaf00000)
  to   space 1024K, 0% used [0x00000000eaf00000,0x00000000eaf00000,0x00000000eb000000)
 ParOldGen       total 178688K, used 178571K [0x00000000c0000000, 0x00000000cae80000, 0x00000000eab00000)
  object space 178688K, 99% used [0x00000000c0000000,0x00000000cae62c28,0x00000000cae80000)
 Metaspace       used 65431K, committed 66816K, reserved 1114112K
  class space    used 7207K, committed 7808K, reserved 1048576K
}
Event: 41.072 GC heap after
{Heap after GC invocations=145 (full 3):
 PSYoungGen      total 4096K, used 757K [0x00000000eab00000, 0x00000000eb000000, 0x0000000100000000)
  eden space 3072K, 0% used [0x00000000eab00000,0x00000000eab00000,0x00000000eae00000)
  from space 1024K, 73% used [0x00000000eaf00000,0x00000000eafbd598,0x00000000eb000000)
  to   space 1024K, 0% used [0x00000000eae00000,0x00000000eae00000,0x00000000eaf00000)
 ParOldGen       total 179200K, used 179143K [0x00000000c0000000, 0x00000000caf00000, 0x00000000eab00000)
  object space 179200K, 99% used [0x00000000c0000000,0x00000000caef1dd8,0x00000000caf00000)
 Metaspace       used 65431K, committed 66816K, reserved 1114112K
  class space    used 7207K, committed 7808K, reserved 1048576K
}
Event: 41.110 GC heap before
{Heap before GC invocations=146 (full 3):
 PSYoungGen      total 4096K, used 3829K [0x00000000eab00000, 0x00000000eb000000, 0x0000000100000000)
  eden space 3072K, 100% used [0x00000000eab00000,0x00000000eae00000,0x00000000eae00000)
  from space 1024K, 73% used [0x00000000eaf00000,0x00000000eafbd598,0x00000000eb000000)
  to   space 1024K, 0% used [0x00000000eae00000,0x00000000eae00000,0x00000000eaf00000)
 ParOldGen       total 179200K, used 179143K [0x00000000c0000000, 0x00000000caf00000, 0x00000000eab00000)
  object space 179200K, 99% used [0x00000000c0000000,0x00000000caef1dd8,0x00000000caf00000)
 Metaspace       used 65484K, committed 66880K, reserved 1114112K
  class space    used 7213K, committed 7808K, reserved 1048576K
}
Event: 41.113 GC heap after
{Heap after GC invocations=146 (full 3):
 PSYoungGen      total 4096K, used 848K [0x00000000eab00000, 0x00000000eb000000, 0x0000000100000000)
  eden space 3072K, 0% used [0x00000000eab00000,0x00000000eab00000,0x00000000eae00000)
  from space 1024K, 82% used [0x00000000eae00000,0x00000000eaed4238,0x00000000eaf00000)
  to   space 1024K, 0% used [0x00000000eaf00000,0x00000000eaf00000,0x00000000eb000000)
 ParOldGen       total 180224K, used 179840K [0x00000000c0000000, 0x00000000cb000000, 0x00000000eab00000)
  object space 180224K, 99% used [0x00000000c0000000,0x00000000cafa0220,0x00000000cb000000)
 Metaspace       used 65484K, committed 66880K, reserved 1114112K
  class space    used 7213K, committed 7808K, reserved 1048576K
}

