# JRE version: Java(TM) SE Runtime Environment (22.0.2+9) (build 22.0.2+9-70)
# Java VM: Java HotSpot(TM) 64-Bit Server VM (22.0.2+9-70, mixed mode, sharing, tiered, compressed oops, compressed class ptrs, g1 gc, windows-amd64)
GC Precious Log:
 CardTable entry size: 512
 Card Set container configuration: InlinePtr #cards 5 size 8 Array Of Cards #cards 12 size 40 Howl #buckets 4 coarsen threshold 1843 Howl Bitmap #cards 512 size 80 coarsen threshold 460 Card regions per heap region 1 cards per card region 2048
 CPUs: 8 total, 8 available
 Memory: 3974M
 Large Page Support: Disabled
 NUMA Support: Disabled
 Compressed Oops: Enabled (32-bit)
 Heap Region Size: 1M
 Heap Min Capacity: 8M
 Heap Initial Capacity: 64M
 Heap Max Capacity: 994M
 Pre-touch: Disabled
 Parallel Workers: 8
 Concurrent Workers: 2
 Concurrent Refinement Workers: 8
 Periodic GC: Disabled
Heap:
 garbage-first heap   total reserved 1017856K, committed 52224K, used 34348K [0x00000000c1e00000, 0x0000000100000000)
  region size 1024K, 10 young (10240K), 2 survivors (2048K)
 Metaspace       used 42681K, committed 43200K, reserved 1114112K
  class space    used 5744K, committed 5952K, reserved 1048576K
GC Heap History (20 events):
Event: 8.168 GC heap before
{Heap before GC invocations=1 (full 0):
 garbage-first heap   total reserved 1017856K, committed 65536K, used 35241K [0x00000000c1e00000, 0x0000000100000000)
  region size 1024K, 30 young (30720K), 3 survivors (3072K)
 Metaspace       used 11911K, committed 12224K, reserved 1114112K
  class space    used 1587K, committed 1728K, reserved 1048576K
}
Event: 8.186 GC heap after
{Heap after GC invocations=2 (full 0):
 garbage-first heap   total reserved 1017856K, committed 65536K, used 10340K [0x00000000c1e00000, 0x0000000100000000)
  region size 1024K, 3 young (3072K), 3 survivors (3072K)
 Metaspace       used 11911K, committed 12224K, reserved 1114112K
  class space    used 1587K, committed 1728K, reserved 1048576K
}
Event: 10.237 GC heap before
{Heap before GC invocations=2 (full 0):
 garbage-first heap   total reserved 1017856K, committed 65536K, used 40036K [0x00000000c1e00000, 0x0000000100000000)
  region size 1024K, 33 young (33792K), 3 survivors (3072K)
 Metaspace       used 20659K, committed 20992K, reserved 1114112K
  class space    used 2747K, committed 2880K, reserved 1048576K
}
Event: 10.249 GC heap after
{Heap after GC invocations=3 (full 0):
 garbage-first heap   total reserved 1017856K, committed 65536K, used 13459K [0x00000000c1e00000, 0x0000000100000000)
  region size 1024K, 3 young (3072K), 3 survivors (3072K)
 Metaspace       used 20659K, committed 20992K, reserved 1114112K
  class space    used 2747K, committed 2880K, reserved 1048576K
}
Event: 10.442 GC heap before
{Heap before GC invocations=3 (full 0):
 garbage-first heap   total reserved 1017856K, committed 65536K, used 15507K [0x00000000c1e00000, 0x0000000100000000)
  region size 1024K, 6 young (6144K), 3 survivors (3072K)
 Metaspace       used 21235K, committed 21504K, reserved 1114112K
  class space    used 2809K, committed 2944K, reserved 1048576K
}
Event: 10.452 GC heap after
{Heap after GC invocations=4 (full 0):
 garbage-first heap   total reserved 1017856K, committed 65536K, used 13758K [0x00000000c1e00000, 0x0000000100000000)
  region size 1024K, 1 young (1024K), 1 survivors (1024K)
 Metaspace       used 21235K, committed 21504K, reserved 1114112K
  class space    used 2809K, committed 2944K, reserved 1048576K
}
Event: 12.655 GC heap before
{Heap before GC invocations=5 (full 0):
 garbage-first heap   total reserved 1017856K, committed 48128K, used 47550K [0x00000000c1e00000, 0x0000000100000000)
  region size 1024K, 34 young (34816K), 1 survivors (1024K)
 Metaspace       used 27151K, committed 27584K, reserved 1114112K
  class space    used 3518K, committed 3712K, reserved 1048576K
}
Event: 12.663 GC heap after
{Heap after GC invocations=6 (full 0):
 garbage-first heap   total reserved 1017856K, committed 52224K, used 17099K [0x00000000c1e00000, 0x0000000100000000)
  region size 1024K, 4 young (4096K), 4 survivors (4096K)
 Metaspace       used 27151K, committed 27584K, reserved 1114112K
  class space    used 3518K, committed 3712K, reserved 1048576K
}
Event: 14.418 GC heap before
{Heap before GC invocations=6 (full 0):
 garbage-first heap   total reserved 1017856K, committed 52224K, used 40651K [0x00000000c1e00000, 0x0000000100000000)
  region size 1024K, 27 young (27648K), 4 survivors (4096K)
 Metaspace       used 29779K, committed 30080K, reserved 1114112K
  class space    used 3891K, committed 4032K, reserved 1048576K
}
Event: 14.433 GC heap after
{Heap after GC invocations=7 (full 0):
 garbage-first heap   total reserved 1017856K, committed 52224K, used 19793K [0x00000000c1e00000, 0x0000000100000000)
  region size 1024K, 3 young (3072K), 3 survivors (3072K)
 Metaspace       used 29779K, committed 30080K, reserved 1114112K
  class space    used 3891K, committed 4032K, reserved 1048576K
}
Event: 16.334 GC heap before
{Heap before GC invocations=7 (full 0):
 garbage-first heap   total reserved 1017856K, committed 52224K, used 42321K [0x00000000c1e00000, 0x0000000100000000)
  region size 1024K, 25 young (25600K), 3 survivors (3072K)
 Metaspace       used 32302K, committed 32704K, reserved 1114112K
  class space    used 4241K, committed 4416K, reserved 1048576K
}
Event: 16.344 GC heap after
{Heap after GC invocations=8 (full 0):
 garbage-first heap   total reserved 1017856K, committed 52224K, used 21752K [0x00000000c1e00000, 0x0000000100000000)
  region size 1024K, 2 young (2048K), 2 survivors (2048K)
 Metaspace       used 32302K, committed 32704K, reserved 1114112K
  class space    used 4241K, committed 4416K, reserved 1048576K
}
Event: 18.145 GC heap before
{Heap before GC invocations=8 (full 0):
 garbage-first heap   total reserved 1017856K, committed 52224K, used 43256K [0x00000000c1e00000, 0x0000000100000000)
  region size 1024K, 23 young (23552K), 2 survivors (2048K)
 Metaspace       used 35139K, committed 35520K, reserved 1114112K
  class space    used 4635K, committed 4800K, reserved 1048576K
}
Event: 18.152 GC heap after
{Heap after GC invocations=9 (full 0):
 garbage-first heap   total reserved 1017856K, committed 52224K, used 23531K [0x00000000c1e00000, 0x0000000100000000)
  region size 1024K, 2 young (2048K), 2 survivors (2048K)
 Metaspace       used 35139K, committed 35520K, reserved 1114112K
  class space    used 4635K, committed 4800K, reserved 1048576K
}
Event: 18.531 GC heap before
{Heap before GC invocations=9 (full 0):
 garbage-first heap   total reserved 1017856K, committed 52224K, used 27627K [0x00000000c1e00000, 0x0000000100000000)
  region size 1024K, 7 young (7168K), 2 survivors (2048K)
 Metaspace       used 35852K, committed 36288K, reserved 1114112K
  class space    used 4746K, committed 4928K, reserved 1048576K
}
Event: 18.539 GC heap after
{Heap after GC invocations=10 (full 0):
 garbage-first heap   total reserved 1017856K, committed 52224K, used 24289K [0x00000000c1e00000, 0x0000000100000000)
  region size 1024K, 3 young (3072K), 3 survivors (3072K)
 Metaspace       used 35852K, committed 36288K, reserved 1114112K
  class space    used 4746K, committed 4928K, reserved 1048576K
}
Event: 21.623 GC heap before
{Heap before GC invocations=11 (full 0):
 garbage-first heap   total reserved 1017856K, committed 52224K, used 43745K [0x00000000c1e00000, 0x0000000100000000)
  region size 1024K, 22 young (22528K), 3 survivors (3072K)
 Metaspace       used 38628K, committed 39104K, reserved 1114112K
  class space    used 5140K, committed 5376K, reserved 1048576K
}
Event: 21.635 GC heap after
{Heap after GC invocations=12 (full 0):
 garbage-first heap   total reserved 1017856K, committed 52224K, used 26049K [0x00000000c1e00000, 0x0000000100000000)
  region size 1024K, 3 young (3072K), 3 survivors (3072K)
 Metaspace       used 38628K, committed 39104K, reserved 1114112K
  class space    used 5140K, committed 5376K, reserved 1048576K
}
Event: 23.818 GC heap before
{Heap before GC invocations=12 (full 0):
 garbage-first heap   total reserved 1017856K, committed 52224K, used 44481K [0x00000000c1e00000, 0x0000000100000000)
  region size 1024K, 21 young (21504K), 3 survivors (3072K)
 Metaspace       used 41321K, committed 41920K, reserved 1114112K
  class space    used 5541K, committed 5824K, reserved 1048576K
}
Event: 23.837 GC heap after
{Heap after GC invocations=13 (full 0):
 garbage-first heap   total reserved 1017856K, committed 52224K, used 27180K [0x00000000c1e00000, 0x0000000100000000)
  region size 1024K, 2 young (2048K), 2 survivors (2048K)
 Metaspace       used 41321K, committed 41920K, reserved 1114112K
  class space    used 5541K, committed 5824K, reserved 1048576K
}

