# JRE version: Java(TM) SE Runtime Environment (22.0.2+9) (build 22.0.2+9-70)
# Java VM: Java HotSpot(TM) 64-Bit Server VM (22.0.2+9-70, mixed mode, sharing, tiered, compressed oops, compressed class ptrs, g1 gc, windows-amd64)
GC Precious Log:
 CardTable entry size: 512
 Card Set container configuration: InlinePtr #cards 5 size 8 Array Of Cards #cards 12 size 40 Howl #buckets 4 coarsen threshold 1843 Howl Bitmap #cards 512 size 80 coarsen threshold 460 Card regions per heap region 1 cards per card region 2048
 CPUs: 8 total, 8 available
 Memory: 3974M
 Large Page Support: Disabled
 NUMA Support: Disabled
 Compressed Oops: Enabled (32-bit)
 Heap Region Size: 1M
 Heap Min Capacity: 8M
 Heap Initial Capacity: 64M
 Heap Max Capacity: 994M
 Pre-touch: Disabled
 Parallel Workers: 8
 Concurrent Workers: 2
 Concurrent Refinement Workers: 8
 Periodic GC: Disabled
Heap:
 garbage-first heap   total reserved 1017856K, committed 53248K, used 28844K [0x00000000c1e00000, 0x0000000100000000)
  region size 1024K, 3 young (3072K), 2 survivors (2048K)
 Metaspace       used 43421K, committed 44032K, reserved 1114112K
  class space    used 5864K, committed 6144K, reserved 1048576K
GC Heap History (20 events):
Event: 3.346 GC heap before
{Heap before GC invocations=1 (full 0):
 garbage-first heap   total reserved 1017856K, committed 65536K, used 35384K [0x00000000c1e00000, 0x0000000100000000)
  region size 1024K, 30 young (30720K), 3 survivors (3072K)
 Metaspace       used 11827K, committed 12160K, reserved 1114112K
  class space    used 1585K, committed 1728K, reserved 1048576K
}
Event: 3.357 GC heap after
{Heap after GC invocations=2 (full 0):
 garbage-first heap   total reserved 1017856K, committed 65536K, used 10609K [0x00000000c1e00000, 0x0000000100000000)
  region size 1024K, 3 young (3072K), 3 survivors (3072K)
 Metaspace       used 11827K, committed 12160K, reserved 1114112K
  class space    used 1585K, committed 1728K, reserved 1048576K
}
Event: 4.648 GC heap before
{Heap before GC invocations=2 (full 0):
 garbage-first heap   total reserved 1017856K, committed 65536K, used 41329K [0x00000000c1e00000, 0x0000000100000000)
  region size 1024K, 34 young (34816K), 3 survivors (3072K)
 Metaspace       used 20871K, committed 21184K, reserved 1114112K
  class space    used 2758K, committed 2944K, reserved 1048576K
}
Event: 4.660 GC heap after
{Heap after GC invocations=3 (full 0):
 garbage-first heap   total reserved 1017856K, committed 65536K, used 13284K [0x00000000c1e00000, 0x0000000100000000)
  region size 1024K, 5 young (5120K), 5 survivors (5120K)
 Metaspace       used 20871K, committed 21184K, reserved 1114112K
  class space    used 2758K, committed 2944K, reserved 1048576K
}
Event: 4.711 GC heap before
{Heap before GC invocations=3 (full 0):
 garbage-first heap   total reserved 1017856K, committed 65536K, used 14308K [0x00000000c1e00000, 0x0000000100000000)
  region size 1024K, 7 young (7168K), 5 survivors (5120K)
 Metaspace       used 21235K, committed 21504K, reserved 1114112K
  class space    used 2793K, committed 2944K, reserved 1048576K
}
Event: 4.718 GC heap after
{Heap after GC invocations=4 (full 0):
 garbage-first heap   total reserved 1017856K, committed 65536K, used 14127K [0x00000000c1e00000, 0x0000000100000000)
  region size 1024K, 1 young (1024K), 1 survivors (1024K)
 Metaspace       used 21235K, committed 21504K, reserved 1114112K
  class space    used 2793K, committed 2944K, reserved 1048576K
}
Event: 6.189 GC heap before
{Heap before GC invocations=5 (full 0):
 garbage-first heap   total reserved 1017856K, committed 48128K, used 46895K [0x00000000c1e00000, 0x0000000100000000)
  region size 1024K, 34 young (34816K), 1 survivors (1024K)
 Metaspace       used 28135K, committed 28480K, reserved 1114112K
  class space    used 3675K, committed 3840K, reserved 1048576K
}
Event: 6.196 GC heap after
{Heap after GC invocations=6 (full 0):
 garbage-first heap   total reserved 1017856K, committed 53248K, used 17687K [0x00000000c1e00000, 0x0000000100000000)
  region size 1024K, 5 young (5120K), 5 survivors (5120K)
 Metaspace       used 28135K, committed 28480K, reserved 1114112K
  class space    used 3675K, committed 3840K, reserved 1048576K
}
Event: 7.446 GC heap before
{Heap before GC invocations=6 (full 0):
 garbage-first heap   total reserved 1017856K, committed 53248K, used 41239K [0x00000000c1e00000, 0x0000000100000000)
  region size 1024K, 28 young (28672K), 5 survivors (5120K)
 Metaspace       used 29819K, committed 30208K, reserved 1114112K
  class space    used 3902K, committed 4096K, reserved 1048576K
}
Event: 7.458 GC heap after
{Heap after GC invocations=7 (full 0):
 garbage-first heap   total reserved 1017856K, committed 53248K, used 19931K [0x00000000c1e00000, 0x0000000100000000)
  region size 1024K, 3 young (3072K), 3 survivors (3072K)
 Metaspace       used 29819K, committed 30208K, reserved 1114112K
  class space    used 3902K, committed 4096K, reserved 1048576K
}
Event: 8.748 GC heap before
{Heap before GC invocations=7 (full 0):
 garbage-first heap   total reserved 1017856K, committed 53248K, used 42459K [0x00000000c1e00000, 0x0000000100000000)
  region size 1024K, 25 young (25600K), 3 survivors (3072K)
 Metaspace       used 32340K, committed 32704K, reserved 1114112K
  class space    used 4258K, committed 4416K, reserved 1048576K
}
Event: 8.759 GC heap after
{Heap after GC invocations=8 (full 0):
 garbage-first heap   total reserved 1017856K, committed 53248K, used 22034K [0x00000000c1e00000, 0x0000000100000000)
  region size 1024K, 2 young (2048K), 2 survivors (2048K)
 Metaspace       used 32340K, committed 32704K, reserved 1114112K
  class space    used 4258K, committed 4416K, reserved 1048576K
}
Event: 9.906 GC heap before
{Heap before GC invocations=8 (full 0):
 garbage-first heap   total reserved 1017856K, committed 53248K, used 44562K [0x00000000c1e00000, 0x0000000100000000)
  region size 1024K, 24 young (24576K), 2 survivors (2048K)
 Metaspace       used 35621K, committed 36032K, reserved 1114112K
  class space    used 4721K, committed 4864K, reserved 1048576K
}
Event: 9.915 GC heap after
{Heap after GC invocations=9 (full 0):
 garbage-first heap   total reserved 1017856K, committed 53248K, used 24009K [0x00000000c1e00000, 0x0000000100000000)
  region size 1024K, 3 young (3072K), 3 survivors (3072K)
 Metaspace       used 35621K, committed 36032K, reserved 1114112K
  class space    used 4721K, committed 4864K, reserved 1048576K
}
Event: 9.993 GC heap before
{Heap before GC invocations=9 (full 0):
 garbage-first heap   total reserved 1017856K, committed 53248K, used 25033K [0x00000000c1e00000, 0x0000000100000000)
  region size 1024K, 5 young (5120K), 3 survivors (3072K)
 Metaspace       used 35878K, committed 36288K, reserved 1114112K
  class space    used 4764K, committed 4928K, reserved 1048576K
}
Event: 9.998 GC heap after
{Heap after GC invocations=10 (full 0):
 garbage-first heap   total reserved 1017856K, committed 53248K, used 24262K [0x00000000c1e00000, 0x0000000100000000)
  region size 1024K, 1 young (1024K), 1 survivors (1024K)
 Metaspace       used 35878K, committed 36288K, reserved 1114112K
  class space    used 4764K, committed 4928K, reserved 1048576K
}
Event: 11.293 GC heap before
{Heap before GC invocations=11 (full 0):
 garbage-first heap   total reserved 1017856K, committed 53248K, used 45766K [0x00000000c1e00000, 0x0000000100000000)
  region size 1024K, 22 young (22528K), 1 survivors (1024K)
 Metaspace       used 38932K, committed 39424K, reserved 1114112K
  class space    used 5176K, committed 5376K, reserved 1048576K
}
Event: 11.299 GC heap after
{Heap after GC invocations=12 (full 0):
 garbage-first heap   total reserved 1017856K, committed 53248K, used 25926K [0x00000000c1e00000, 0x0000000100000000)
  region size 1024K, 2 young (2048K), 2 survivors (2048K)
 Metaspace       used 38932K, committed 39424K, reserved 1114112K
  class space    used 5176K, committed 5376K, reserved 1048576K
}
Event: 12.794 GC heap before
{Heap before GC invocations=12 (full 0):
 garbage-first heap   total reserved 1017856K, committed 53248K, used 46406K [0x00000000c1e00000, 0x0000000100000000)
  region size 1024K, 22 young (22528K), 2 survivors (2048K)
 Metaspace       used 41932K, committed 42560K, reserved 1114112K
  class space    used 5664K, committed 5952K, reserved 1048576K
}
Event: 12.806 GC heap after
{Heap after GC invocations=13 (full 0):
 garbage-first heap   total reserved 1017856K, committed 53248K, used 27406K [0x00000000c1e00000, 0x0000000100000000)
  region size 1024K, 2 young (2048K), 2 survivors (2048K)
 Metaspace       used 41932K, committed 42560K, reserved 1114112K
  class space    used 5664K, committed 5952K, reserved 1048576K
}

