# JRE version: Java(TM) SE Runtime Environment (22.0.2+9) (build 22.0.2+9-70)
# Java VM: Java HotSpot(TM) 64-Bit Server VM (22.0.2+9-70, mixed mode, sharing, tiered, compressed oops, compressed class ptrs, g1 gc, windows-amd64)
GC Precious Log:
 CardTable entry size: 512
 Card Set container configuration: InlinePtr #cards 5 size 8 Array Of Cards #cards 12 size 40 Howl #buckets 4 coarsen threshold 1843 Howl Bitmap #cards 512 size 80 coarsen threshold 460 Card regions per heap region 1 cards per card region 2048
 CPUs: 8 total, 8 available
 Memory: 3974M
 Large Page Support: Disabled
 NUMA Support: Disabled
 Compressed Oops: Enabled (32-bit)
 Heap Region Size: 1M
 Heap Min Capacity: 8M
 Heap Initial Capacity: 64M
 Heap Max Capacity: 994M
 Pre-touch: Disabled
 Parallel Workers: 8
 Concurrent Workers: 2
 Concurrent Refinement Workers: 8
 Periodic GC: Disabled
Heap:
 garbage-first heap   total reserved 1017856K, committed 56320K, used 41811K [0x00000000c1e00000, 0x0000000100000000)
  region size 1024K, 9 young (9216K), 2 survivors (2048K)
 Metaspace       used 53587K, committed 54400K, reserved 1114112K
  class space    used 7344K, committed 7680K, reserved 1048576K
GC Heap History (20 events):
Event: 18.743 GC heap before
{Heap before GC invocations=12 (full 0):
 garbage-first heap   total reserved 1017856K, committed 51200K, used 43959K [0x00000000c1e00000, 0x0000000100000000)
  region size 1024K, 21 young (21504K), 3 survivors (3072K)
 Metaspace       used 41389K, committed 41984K, reserved 1114112K
  class space    used 5558K, committed 5824K, reserved 1048576K
}
Event: 18.760 GC heap after
{Heap after GC invocations=13 (full 0):
 garbage-first heap   total reserved 1017856K, committed 51200K, used 26886K [0x00000000c1e00000, 0x0000000100000000)
  region size 1024K, 2 young (2048K), 2 survivors (2048K)
 Metaspace       used 41389K, committed 41984K, reserved 1114112K
  class space    used 5558K, committed 5824K, reserved 1048576K
}
Event: 20.467 GC heap before
{Heap before GC invocations=13 (full 0):
 garbage-first heap   total reserved 1017856K, committed 51200K, used 45318K [0x00000000c1e00000, 0x0000000100000000)
  region size 1024K, 20 young (20480K), 2 survivors (2048K)
 Metaspace       used 43110K, committed 43648K, reserved 1114112K
  class space    used 5786K, committed 6016K, reserved 1048576K
}
Event: 20.476 GC heap after
{Heap after GC invocations=14 (full 0):
 garbage-first heap   total reserved 1017856K, committed 51200K, used 28314K [0x00000000c1e00000, 0x0000000100000000)
  region size 1024K, 2 young (2048K), 2 survivors (2048K)
 Metaspace       used 43110K, committed 43648K, reserved 1114112K
  class space    used 5786K, committed 6016K, reserved 1048576K
}
Event: 21.774 GC heap before
{Heap before GC invocations=15 (full 0):
 garbage-first heap   total reserved 1017856K, committed 51200K, used 44698K [0x00000000c1e00000, 0x0000000100000000)
  region size 1024K, 18 young (18432K), 2 survivors (2048K)
 Metaspace       used 44487K, committed 45056K, reserved 1114112K
  class space    used 6016K, committed 6272K, reserved 1048576K
}
Event: 21.782 GC heap after
{Heap after GC invocations=16 (full 0):
 garbage-first heap   total reserved 1017856K, committed 51200K, used 29380K [0x00000000c1e00000, 0x0000000100000000)
  region size 1024K, 3 young (3072K), 3 survivors (3072K)
 Metaspace       used 44487K, committed 45056K, reserved 1114112K
  class space    used 6016K, committed 6272K, reserved 1048576K
}
Event: 23.180 GC heap before
{Heap before GC invocations=16 (full 0):
 garbage-first heap   total reserved 1017856K, committed 51200K, used 43716K [0x00000000c1e00000, 0x0000000100000000)
  region size 1024K, 17 young (17408K), 3 survivors (3072K)
 Metaspace       used 45400K, committed 45952K, reserved 1114112K
  class space    used 6120K, committed 6336K, reserved 1048576K
}
Event: 23.191 GC heap after
{Heap after GC invocations=17 (full 0):
 garbage-first heap   total reserved 1017856K, committed 51200K, used 29915K [0x00000000c1e00000, 0x0000000100000000)
  region size 1024K, 3 young (3072K), 3 survivors (3072K)
 Metaspace       used 45400K, committed 45952K, reserved 1114112K
  class space    used 6120K, committed 6336K, reserved 1048576K
}
Event: 24.026 GC heap before
{Heap before GC invocations=17 (full 0):
 garbage-first heap   total reserved 1017856K, committed 51200K, used 44251K [0x00000000c1e00000, 0x0000000100000000)
  region size 1024K, 17 young (17408K), 3 survivors (3072K)
 Metaspace       used 46676K, committed 47232K, reserved 1114112K
  class space    used 6334K, committed 6592K, reserved 1048576K
}
Event: 24.034 GC heap after
{Heap after GC invocations=18 (full 0):
 garbage-first heap   total reserved 1017856K, committed 51200K, used 30928K [0x00000000c1e00000, 0x0000000100000000)
  region size 1024K, 2 young (2048K), 2 survivors (2048K)
 Metaspace       used 46676K, committed 47232K, reserved 1114112K
  class space    used 6334K, committed 6592K, reserved 1048576K
}
Event: 24.887 GC heap before
{Heap before GC invocations=19 (full 0):
 garbage-first heap   total reserved 1017856K, committed 53248K, used 44240K [0x00000000c1e00000, 0x0000000100000000)
  region size 1024K, 15 young (15360K), 2 survivors (2048K)
 Metaspace       used 46991K, committed 47616K, reserved 1114112K
  class space    used 6384K, committed 6656K, reserved 1048576K
}
Event: 24.894 GC heap after
{Heap after GC invocations=20 (full 0):
 garbage-first heap   total reserved 1017856K, committed 53248K, used 31659K [0x00000000c1e00000, 0x0000000100000000)
  region size 1024K, 2 young (2048K), 2 survivors (2048K)
 Metaspace       used 46991K, committed 47616K, reserved 1114112K
  class space    used 6384K, committed 6656K, reserved 1048576K
}
Event: 26.082 GC heap before
{Heap before GC invocations=20 (full 0):
 garbage-first heap   total reserved 1017856K, committed 53248K, used 45995K [0x00000000c1e00000, 0x0000000100000000)
  region size 1024K, 16 young (16384K), 2 survivors (2048K)
 Metaspace       used 48194K, committed 48896K, reserved 1114112K
  class space    used 6551K, committed 6912K, reserved 1048576K
}
Event: 26.095 GC heap after
{Heap after GC invocations=21 (full 0):
 garbage-first heap   total reserved 1017856K, committed 53248K, used 32174K [0x00000000c1e00000, 0x0000000100000000)
  region size 1024K, 2 young (2048K), 2 survivors (2048K)
 Metaspace       used 48194K, committed 48896K, reserved 1114112K
  class space    used 6551K, committed 6912K, reserved 1048576K
}
Event: 27.310 GC heap before
{Heap before GC invocations=21 (full 0):
 garbage-first heap   total reserved 1017856K, committed 53248K, used 46510K [0x00000000c1e00000, 0x0000000100000000)
  region size 1024K, 16 young (16384K), 2 survivors (2048K)
 Metaspace       used 49174K, committed 49920K, reserved 1114112K
  class space    used 6721K, committed 7040K, reserved 1048576K
}
Event: 27.318 GC heap after
{Heap after GC invocations=22 (full 0):
 garbage-first heap   total reserved 1017856K, committed 53248K, used 33437K [0x00000000c1e00000, 0x0000000100000000)
  region size 1024K, 2 young (2048K), 2 survivors (2048K)
 Metaspace       used 49174K, committed 49920K, reserved 1114112K
  class space    used 6721K, committed 7040K, reserved 1048576K
}
Event: 28.110 GC heap before
{Heap before GC invocations=23 (full 0):
 garbage-first heap   total reserved 1017856K, committed 56320K, used 46749K [0x00000000c1e00000, 0x0000000100000000)
  region size 1024K, 15 young (15360K), 2 survivors (2048K)
 Metaspace       used 50263K, committed 50944K, reserved 1114112K
  class space    used 6870K, committed 7168K, reserved 1048576K
}
Event: 28.119 GC heap after
{Heap after GC invocations=24 (full 0):
 garbage-first heap   total reserved 1017856K, committed 56320K, used 34665K [0x00000000c1e00000, 0x0000000100000000)
  region size 1024K, 2 young (2048K), 2 survivors (2048K)
 Metaspace       used 50263K, committed 50944K, reserved 1114112K
  class space    used 6870K, committed 7168K, reserved 1048576K
}
Event: 29.250 GC heap before
{Heap before GC invocations=24 (full 0):
 garbage-first heap   total reserved 1017856K, committed 56320K, used 47977K [0x00000000c1e00000, 0x0000000100000000)
  region size 1024K, 16 young (16384K), 2 survivors (2048K)
 Metaspace       used 52367K, committed 53120K, reserved 1114112K
  class space    used 7184K, committed 7488K, reserved 1048576K
}
Event: 29.270 GC heap after
{Heap after GC invocations=25 (full 0):
 garbage-first heap   total reserved 1017856K, committed 56320K, used 35667K [0x00000000c1e00000, 0x0000000100000000)
  region size 1024K, 2 young (2048K), 2 survivors (2048K)
 Metaspace       used 52367K, committed 53120K, reserved 1114112K
  class space    used 7184K, committed 7488K, reserved 1048576K
}

