# JRE version: OpenJDK Runtime Environment Temurin-21.0.6+7 (21.0.6+7) (build 21.0.6+7-LTS)
# Java VM: OpenJDK 64-Bit Server VM Temurin-21.0.6+7 (21.0.6+7-LTS, mixed mode, sharing, tiered, compressed oops, compressed class ptrs, parallel gc, windows-amd64)
GC Precious Log:
 CardTable entry size: 512
 CPUs: 8 total, 8 available
 Memory: 3974M
 Large Page Support: Disabled
 NUMA Support: Disabled
 Compressed Oops: Enabled (32-bit)
 Alignments: Space 512K, Generation 512K, Heap 2M
 Heap Min Capacity: 100M
 Heap Initial Capacity: 100M
 Heap Max Capacity: 1G
 Pre-touch: Disabled
 Parallel Workers: 8
Heap:
 PSYoungGen      total 6144K, used 6050K [0x00000000eab00000, 0x00000000eb300000, 0x0000000100000000)
  eden space 5120K, 98% used [0x00000000eab00000,0x00000000eaff0be8,0x00000000eb000000)
  from space 1024K, 96% used [0x00000000eb200000,0x00000000eb2f8000,0x00000000eb300000)
  to   space 1536K, 0% used [0x00000000eb000000,0x00000000eb000000,0x00000000eb180000)
 ParOldGen       total 131584K, used 131076K [0x00000000c0000000, 0x00000000c8080000, 0x00000000eab00000)
  object space 131584K, 99% used [0x00000000c0000000,0x00000000c8001080,0x00000000c8080000)
 Metaspace       used 54916K, committed 56128K, reserved 1114112K
  class space    used 5727K, committed 6272K, reserved 1048576K
GC Heap History (20 events):
Event: 10.556 GC heap before
{Heap before GC invocations=77 (full 2):
 PSYoungGen      total 7680K, used 7652K [0x00000000eab00000, 0x00000000eb600000, 0x0000000100000000)
  eden space 6144K, 100% used [0x00000000eab00000,0x00000000eb100000,0x00000000eb100000)
  from space 1536K, 98% used [0x00000000eb400000,0x00000000eb5790a0,0x00000000eb580000)
  to   space 2560K, 0% used [0x00000000eb100000,0x00000000eb100000,0x00000000eb380000)
 ParOldGen       total 122368K, used 122107K [0x00000000c0000000, 0x00000000c7780000, 0x00000000eab00000)
  object space 122368K, 99% used [0x00000000c0000000,0x00000000c773eef0,0x00000000c7780000)
 Metaspace       used 53391K, committed 54592K, reserved 1114112K
  class space    used 5593K, committed 6144K, reserved 1048576K
}
Event: 10.562 GC heap after
{Heap after GC invocations=77 (full 2):
 PSYoungGen      total 8704K, used 1493K [0x00000000eab00000, 0x00000000eb680000, 0x0000000100000000)
  eden space 6144K, 0% used [0x00000000eab00000,0x00000000eab00000,0x00000000eb100000)
  from space 2560K, 58% used [0x00000000eb100000,0x00000000eb275578,0x00000000eb380000)
  to   space 2048K, 0% used [0x00000000eb480000,0x00000000eb480000,0x00000000eb680000)
 ParOldGen       total 122880K, used 122847K [0x00000000c0000000, 0x00000000c7800000, 0x00000000eab00000)
  object space 122880K, 99% used [0x00000000c0000000,0x00000000c77f7cd0,0x00000000c7800000)
 Metaspace       used 53391K, committed 54592K, reserved 1114112K
  class space    used 5593K, committed 6144K, reserved 1048576K
}
Event: 10.574 GC heap before
{Heap before GC invocations=78 (full 2):
 PSYoungGen      total 8704K, used 7637K [0x00000000eab00000, 0x00000000eb680000, 0x0000000100000000)
  eden space 6144K, 100% used [0x00000000eab00000,0x00000000eb100000,0x00000000eb100000)
  from space 2560K, 58% used [0x00000000eb100000,0x00000000eb275578,0x00000000eb380000)
  to   space 2048K, 0% used [0x00000000eb480000,0x00000000eb480000,0x00000000eb680000)
 ParOldGen       total 122880K, used 122847K [0x00000000c0000000, 0x00000000c7800000, 0x00000000eab00000)
  object space 122880K, 99% used [0x00000000c0000000,0x00000000c77f7cd0,0x00000000c7800000)
 Metaspace       used 53391K, committed 54592K, reserved 1114112K
  class space    used 5593K, committed 6144K, reserved 1048576K
}
Event: 10.576 GC heap after
{Heap after GC invocations=78 (full 2):
 PSYoungGen      total 7680K, used 1302K [0x00000000eab00000, 0x00000000eb600000, 0x0000000100000000)
  eden space 6144K, 0% used [0x00000000eab00000,0x00000000eab00000,0x00000000eb100000)
  from space 1536K, 84% used [0x00000000eb480000,0x00000000eb5c5968,0x00000000eb600000)
  to   space 1536K, 0% used [0x00000000eb300000,0x00000000eb300000,0x00000000eb480000)
 ParOldGen       total 123392K, used 123304K [0x00000000c0000000, 0x00000000c7880000, 0x00000000eab00000)
  object space 123392K, 99% used [0x00000000c0000000,0x00000000c786a2c0,0x00000000c7880000)
 Metaspace       used 53391K, committed 54592K, reserved 1114112K
  class space    used 5593K, committed 6144K, reserved 1048576K
}
Event: 10.600 GC heap before
{Heap before GC invocations=79 (full 2):
 PSYoungGen      total 7680K, used 7446K [0x00000000eab00000, 0x00000000eb600000, 0x0000000100000000)
  eden space 6144K, 100% used [0x00000000eab00000,0x00000000eb100000,0x00000000eb100000)
  from space 1536K, 84% used [0x00000000eb480000,0x00000000eb5c5968,0x00000000eb600000)
  to   space 1536K, 0% used [0x00000000eb300000,0x00000000eb300000,0x00000000eb480000)
 ParOldGen       total 123392K, used 123304K [0x00000000c0000000, 0x00000000c7880000, 0x00000000eab00000)
  object space 123392K, 99% used [0x00000000c0000000,0x00000000c786a2c0,0x00000000c7880000)
 Metaspace       used 53394K, committed 54592K, reserved 1114112K
  class space    used 5593K, committed 6144K, reserved 1048576K
}
Event: 10.602 GC heap after
{Heap after GC invocations=79 (full 2):
 PSYoungGen      total 7680K, used 1170K [0x00000000eab00000, 0x00000000eb500000, 0x0000000100000000)
  eden space 6144K, 0% used [0x00000000eab00000,0x00000000eab00000,0x00000000eb100000)
  from space 1536K, 76% used [0x00000000eb300000,0x00000000eb424960,0x00000000eb480000)
  to   space 512K, 0% used [0x00000000eb480000,0x00000000eb480000,0x00000000eb500000)
 ParOldGen       total 123904K, used 123675K [0x00000000c0000000, 0x00000000c7900000, 0x00000000eab00000)
  object space 123904K, 99% used [0x00000000c0000000,0x00000000c78c6c68,0x00000000c7900000)
 Metaspace       used 53394K, committed 54592K, reserved 1114112K
  class space    used 5593K, committed 6144K, reserved 1048576K
}
Event: 10.628 GC heap before
{Heap before GC invocations=80 (full 2):
 PSYoungGen      total 7680K, used 7314K [0x00000000eab00000, 0x00000000eb500000, 0x0000000100000000)
  eden space 6144K, 100% used [0x00000000eab00000,0x00000000eb100000,0x00000000eb100000)
  from space 1536K, 76% used [0x00000000eb300000,0x00000000eb424960,0x00000000eb480000)
  to   space 512K, 0% used [0x00000000eb480000,0x00000000eb480000,0x00000000eb500000)
 ParOldGen       total 123904K, used 123675K [0x00000000c0000000, 0x00000000c7900000, 0x00000000eab00000)
  object space 123904K, 99% used [0x00000000c0000000,0x00000000c78c6c68,0x00000000c7900000)
 Metaspace       used 53745K, committed 54912K, reserved 1114112K
  class space    used 5614K, committed 6144K, reserved 1048576K
}
Event: 10.631 GC heap after
{Heap after GC invocations=80 (full 2):
 PSYoungGen      total 6656K, used 512K [0x00000000eab00000, 0x00000000eb500000, 0x0000000100000000)
  eden space 6144K, 0% used [0x00000000eab00000,0x00000000eab00000,0x00000000eb100000)
  from space 512K, 100% used [0x00000000eb480000,0x00000000eb500000,0x00000000eb500000)
  to   space 1536K, 0% used [0x00000000eb200000,0x00000000eb200000,0x00000000eb380000)
 ParOldGen       total 124928K, used 124494K [0x00000000c0000000, 0x00000000c7a00000, 0x00000000eab00000)
  object space 124928K, 99% used [0x00000000c0000000,0x00000000c79938b8,0x00000000c7a00000)
 Metaspace       used 53745K, committed 54912K, reserved 1114112K
  class space    used 5614K, committed 6144K, reserved 1048576K
}
Event: 10.660 GC heap before
{Heap before GC invocations=81 (full 2):
 PSYoungGen      total 6656K, used 6656K [0x00000000eab00000, 0x00000000eb500000, 0x0000000100000000)
  eden space 6144K, 100% used [0x00000000eab00000,0x00000000eb100000,0x00000000eb100000)
  from space 512K, 100% used [0x00000000eb480000,0x00000000eb500000,0x00000000eb500000)
  to   space 1536K, 0% used [0x00000000eb200000,0x00000000eb200000,0x00000000eb380000)
 ParOldGen       total 124928K, used 124494K [0x00000000c0000000, 0x00000000c7a00000, 0x00000000eab00000)
  object space 124928K, 99% used [0x00000000c0000000,0x00000000c79938b8,0x00000000c7a00000)
 Metaspace       used 54047K, committed 55232K, reserved 1114112K
  class space    used 5644K, committed 6208K, reserved 1048576K
}
Event: 10.663 GC heap after
{Heap after GC invocations=81 (full 2):
 PSYoungGen      total 7680K, used 1169K [0x00000000eab00000, 0x00000000eb500000, 0x0000000100000000)
  eden space 6144K, 0% used [0x00000000eab00000,0x00000000eab00000,0x00000000eb100000)
  from space 1536K, 76% used [0x00000000eb200000,0x00000000eb3247b0,0x00000000eb380000)
  to   space 1536K, 0% used [0x00000000eb380000,0x00000000eb380000,0x00000000eb500000)
 ParOldGen       total 125440K, used 125016K [0x00000000c0000000, 0x00000000c7a80000, 0x00000000eab00000)
  object space 125440K, 99% used [0x00000000c0000000,0x00000000c7a160a8,0x00000000c7a80000)
 Metaspace       used 54047K, committed 55232K, reserved 1114112K
  class space    used 5644K, committed 6208K, reserved 1048576K
}
Event: 10.697 GC heap before
{Heap before GC invocations=82 (full 2):
 PSYoungGen      total 7680K, used 7313K [0x00000000eab00000, 0x00000000eb500000, 0x0000000100000000)
  eden space 6144K, 100% used [0x00000000eab00000,0x00000000eb100000,0x00000000eb100000)
  from space 1536K, 76% used [0x00000000eb200000,0x00000000eb3247b0,0x00000000eb380000)
  to   space 1536K, 0% used [0x00000000eb380000,0x00000000eb380000,0x00000000eb500000)
 ParOldGen       total 125440K, used 125016K [0x00000000c0000000, 0x00000000c7a80000, 0x00000000eab00000)
  object space 125440K, 99% used [0x00000000c0000000,0x00000000c7a160a8,0x00000000c7a80000)
 Metaspace       used 54380K, committed 55552K, reserved 1114112K
  class space    used 5676K, committed 6208K, reserved 1048576K
}
Event: 10.701 GC heap after
{Heap after GC invocations=82 (full 2):
 PSYoungGen      total 7680K, used 1266K [0x00000000eab00000, 0x00000000eb500000, 0x0000000100000000)
  eden space 6144K, 0% used [0x00000000eab00000,0x00000000eab00000,0x00000000eb100000)
  from space 1536K, 82% used [0x00000000eb380000,0x00000000eb4bcb28,0x00000000eb500000)
  to   space 1536K, 0% used [0x00000000eb200000,0x00000000eb200000,0x00000000eb380000)
 ParOldGen       total 126464K, used 126035K [0x00000000c0000000, 0x00000000c7b80000, 0x00000000eab00000)
  object space 126464K, 99% used [0x00000000c0000000,0x00000000c7b14f10,0x00000000c7b80000)
 Metaspace       used 54380K, committed 55552K, reserved 1114112K
  class space    used 5676K, committed 6208K, reserved 1048576K
}
Event: 10.757 GC heap before
{Heap before GC invocations=83 (full 2):
 PSYoungGen      total 7680K, used 7410K [0x00000000eab00000, 0x00000000eb500000, 0x0000000100000000)
  eden space 6144K, 100% used [0x00000000eab00000,0x00000000eb100000,0x00000000eb100000)
  from space 1536K, 82% used [0x00000000eb380000,0x00000000eb4bcb28,0x00000000eb500000)
  to   space 1536K, 0% used [0x00000000eb200000,0x00000000eb200000,0x00000000eb380000)
 ParOldGen       total 126464K, used 126035K [0x00000000c0000000, 0x00000000c7b80000, 0x00000000eab00000)
  object space 126464K, 99% used [0x00000000c0000000,0x00000000c7b14f10,0x00000000c7b80000)
 Metaspace       used 54444K, committed 55680K, reserved 1114112K
  class space    used 5683K, committed 6272K, reserved 1048576K
}
Event: 10.760 GC heap after
{Heap after GC invocations=83 (full 2):
 PSYoungGen      total 7680K, used 1506K [0x00000000eab00000, 0x00000000eb500000, 0x0000000100000000)
  eden space 6144K, 0% used [0x00000000eab00000,0x00000000eab00000,0x00000000eb100000)
  from space 1536K, 98% used [0x00000000eb200000,0x00000000eb3788d0,0x00000000eb380000)
  to   space 1536K, 0% used [0x00000000eb380000,0x00000000eb380000,0x00000000eb500000)
 ParOldGen       total 127488K, used 127173K [0x00000000c0000000, 0x00000000c7c80000, 0x00000000eab00000)
  object space 127488K, 99% used [0x00000000c0000000,0x00000000c7c31550,0x00000000c7c80000)
 Metaspace       used 54444K, committed 55680K, reserved 1114112K
  class space    used 5683K, committed 6272K, reserved 1048576K
}
Event: 10.822 GC heap before
{Heap before GC invocations=84 (full 2):
 PSYoungGen      total 7680K, used 7650K [0x00000000eab00000, 0x00000000eb500000, 0x0000000100000000)
  eden space 6144K, 100% used [0x00000000eab00000,0x00000000eb100000,0x00000000eb100000)
  from space 1536K, 98% used [0x00000000eb200000,0x00000000eb3788d0,0x00000000eb380000)
  to   space 1536K, 0% used [0x00000000eb380000,0x00000000eb380000,0x00000000eb500000)
 ParOldGen       total 127488K, used 127173K [0x00000000c0000000, 0x00000000c7c80000, 0x00000000eab00000)
  object space 127488K, 99% used [0x00000000c0000000,0x00000000c7c31550,0x00000000c7c80000)
 Metaspace       used 54591K, committed 55808K, reserved 1114112K
  class space    used 5703K, committed 6272K, reserved 1048576K
}
Event: 10.826 GC heap after
{Heap after GC invocations=84 (full 2):
 PSYoungGen      total 6656K, used 1526K [0x00000000eab00000, 0x00000000eb800000, 0x0000000100000000)
  eden space 5120K, 0% used [0x00000000eab00000,0x00000000eab00000,0x00000000eb000000)
  from space 1536K, 99% used [0x00000000eb380000,0x00000000eb4fda48,0x00000000eb500000)
  to   space 3584K, 0% used [0x00000000eb000000,0x00000000eb000000,0x00000000eb380000)
 ParOldGen       total 129024K, used 128545K [0x00000000c0000000, 0x00000000c7e00000, 0x00000000eab00000)
  object space 129024K, 99% used [0x00000000c0000000,0x00000000c7d886a8,0x00000000c7e00000)
 Metaspace       used 54591K, committed 55808K, reserved 1114112K
  class space    used 5703K, committed 6272K, reserved 1048576K
}
Event: 10.884 GC heap before
{Heap before GC invocations=85 (full 2):
 PSYoungGen      total 6656K, used 6639K [0x00000000eab00000, 0x00000000eb800000, 0x0000000100000000)
  eden space 5120K, 99% used [0x00000000eab00000,0x00000000eaffe220,0x00000000eb000000)
  from space 1536K, 99% used [0x00000000eb380000,0x00000000eb4fda48,0x00000000eb500000)
  to   space 3584K, 0% used [0x00000000eb000000,0x00000000eb000000,0x00000000eb380000)
 ParOldGen       total 129024K, used 128545K [0x00000000c0000000, 0x00000000c7e00000, 0x00000000eab00000)
  object space 129024K, 99% used [0x00000000c0000000,0x00000000c7d886a8,0x00000000c7e00000)
 Metaspace       used 54707K, committed 55936K, reserved 1114112K
  class space    used 5714K, committed 6272K, reserved 1048576K
}
Event: 10.889 GC heap after
{Heap after GC invocations=85 (full 2):
 PSYoungGen      total 6656K, used 1329K [0x00000000eab00000, 0x00000000eb400000, 0x0000000100000000)
  eden space 5120K, 0% used [0x00000000eab00000,0x00000000eab00000,0x00000000eb000000)
  from space 1536K, 86% used [0x00000000eb000000,0x00000000eb14c408,0x00000000eb180000)
  to   space 2048K, 0% used [0x00000000eb200000,0x00000000eb200000,0x00000000eb400000)
 ParOldGen       total 130048K, used 129940K [0x00000000c0000000, 0x00000000c7f00000, 0x00000000eab00000)
  object space 130048K, 99% used [0x00000000c0000000,0x00000000c7ee50b0,0x00000000c7f00000)
 Metaspace       used 54707K, committed 55936K, reserved 1114112K
  class space    used 5714K, committed 6272K, reserved 1048576K
}
Event: 11.051 GC heap before
{Heap before GC invocations=86 (full 2):
 PSYoungGen      total 6656K, used 6449K [0x00000000eab00000, 0x00000000eb400000, 0x0000000100000000)
  eden space 5120K, 100% used [0x00000000eab00000,0x00000000eb000000,0x00000000eb000000)
  from space 1536K, 86% used [0x00000000eb000000,0x00000000eb14c408,0x00000000eb180000)
  to   space 2048K, 0% used [0x00000000eb200000,0x00000000eb200000,0x00000000eb400000)
 ParOldGen       total 130048K, used 129940K [0x00000000c0000000, 0x00000000c7f00000, 0x00000000eab00000)
  object space 130048K, 99% used [0x00000000c0000000,0x00000000c7ee50b0,0x00000000c7f00000)
 Metaspace       used 54878K, committed 56128K, reserved 1114112K
  class space    used 5726K, committed 6272K, reserved 1048576K
}
Event: 11.055 GC heap after
{Heap after GC invocations=86 (full 2):
 PSYoungGen      total 6144K, used 992K [0x00000000eab00000, 0x00000000eb300000, 0x0000000100000000)
  eden space 5120K, 0% used [0x00000000eab00000,0x00000000eab00000,0x00000000eb000000)
  from space 1024K, 96% used [0x00000000eb200000,0x00000000eb2f8000,0x00000000eb300000)
  to   space 1536K, 0% used [0x00000000eb000000,0x00000000eb000000,0x00000000eb180000)
 ParOldGen       total 131584K, used 131076K [0x00000000c0000000, 0x00000000c8080000, 0x00000000eab00000)
  object space 131584K, 99% used [0x00000000c0000000,0x00000000c8001080,0x00000000c8080000)
 Metaspace       used 54878K, committed 56128K, reserved 1114112K
  class space    used 5726K, committed 6272K, reserved 1048576K
}

