# JRE version: Java(TM) SE Runtime Environment (22.0.2+9) (build 22.0.2+9-70)
# Java VM: Java HotSpot(TM) 64-Bit Server VM (22.0.2+9-70, mixed mode, sharing, tiered, compressed oops, compressed class ptrs, g1 gc, windows-amd64)
GC Precious Log:
 CardTable entry size: 512
 Card Set container configuration: InlinePtr #cards 5 size 8 Array Of Cards #cards 12 size 40 Howl #buckets 4 coarsen threshold 1843 Howl Bitmap #cards 512 size 80 coarsen threshold 460 Card regions per heap region 1 cards per card region 2048
 CPUs: 8 total, 8 available
 Memory: 3974M
 Large Page Support: Disabled
 NUMA Support: Disabled
 Compressed Oops: Enabled (32-bit)
 Heap Region Size: 1M
 Heap Min Capacity: 8M
 Heap Initial Capacity: 64M
 Heap Max Capacity: 994M
 Pre-touch: Disabled
 Parallel Workers: 8
 Concurrent Workers: 2
 Concurrent Refinement Workers: 8
 Periodic GC: Disabled
Heap:
 garbage-first heap   total reserved 1017856K, committed 126976K, used 50319K [0x00000000c1e00000, 0x0000000100000000)
  region size 1024K, 12 young (12288K), 4 survivors (4096K)
 Metaspace       used 65100K, committed 66176K, reserved 1114112K
  class space    used 8427K, committed 8896K, reserved 1048576K
GC Heap History (20 events):
Event: 522.486 GC heap after
{Heap after GC invocations=130 (full 2):
 garbage-first heap   total reserved 1017856K, committed 126976K, used 40851K [0x00000000c1e00000, 0x0000000100000000)
  region size 1024K, 5 young (5120K), 5 survivors (5120K)
 Metaspace       used 64335K, committed 65280K, reserved 1114112K
  class space    used 8409K, committed 8832K, reserved 1048576K
}
Event: 523.676 GC heap before
{Heap before GC invocations=131 (full 2):
 garbage-first heap   total reserved 1017856K, committed 126976K, used 111507K [0x00000000c1e00000, 0x0000000100000000)
  region size 1024K, 74 young (75776K), 5 survivors (5120K)
 Metaspace       used 64605K, committed 65600K, reserved 1114112K
  class space    used 8421K, committed 8832K, reserved 1048576K
}
Event: 523.682 GC heap after
{Heap after GC invocations=132 (full 2):
 garbage-first heap   total reserved 1017856K, committed 126976K, used 43303K [0x00000000c1e00000, 0x0000000100000000)
  region size 1024K, 8 young (8192K), 8 survivors (8192K)
 Metaspace       used 64605K, committed 65600K, reserved 1114112K
  class space    used 8421K, committed 8832K, reserved 1048576K
}
Event: 526.884 GC heap before
{Heap before GC invocations=132 (full 2):
 garbage-first heap   total reserved 1017856K, committed 126976K, used 108839K [0x00000000c1e00000, 0x0000000100000000)
  region size 1024K, 72 young (73728K), 8 survivors (8192K)
 Metaspace       used 64649K, committed 65664K, reserved 1114112K
  class space    used 8422K, committed 8832K, reserved 1048576K
}
Event: 526.893 GC heap after
{Heap after GC invocations=133 (full 2):
 garbage-first heap   total reserved 1017856K, committed 126976K, used 42488K [0x00000000c1e00000, 0x0000000100000000)
  region size 1024K, 4 young (4096K), 4 survivors (4096K)
 Metaspace       used 64649K, committed 65664K, reserved 1114112K
  class space    used 8422K, committed 8832K, reserved 1048576K
}
Event: 545.925 GC heap before
{Heap before GC invocations=133 (full 2):
 garbage-first heap   total reserved 1017856K, committed 126976K, used 113144K [0x00000000c1e00000, 0x0000000100000000)
  region size 1024K, 73 young (74752K), 4 survivors (4096K)
 Metaspace       used 64652K, committed 65664K, reserved 1114112K
  class space    used 8422K, committed 8832K, reserved 1048576K
}
Event: 545.934 GC heap after
{Heap after GC invocations=134 (full 2):
 garbage-first heap   total reserved 1017856K, committed 126976K, used 42331K [0x00000000c1e00000, 0x0000000100000000)
  region size 1024K, 3 young (3072K), 3 survivors (3072K)
 Metaspace       used 64652K, committed 65664K, reserved 1114112K
  class space    used 8422K, committed 8832K, reserved 1048576K
}
Event: 565.827 GC heap before
{Heap before GC invocations=135 (full 2):
 garbage-first heap   total reserved 1017856K, committed 126976K, used 114011K [0x00000000c1e00000, 0x0000000100000000)
  region size 1024K, 74 young (75776K), 3 survivors (3072K)
 Metaspace       used 64656K, committed 65664K, reserved 1114112K
  class space    used 8422K, committed 8832K, reserved 1048576K
}
Event: 565.873 GC heap after
{Heap after GC invocations=136 (full 2):
 garbage-first heap   total reserved 1017856K, committed 126976K, used 42340K [0x00000000c1e00000, 0x0000000100000000)
  region size 1024K, 3 young (3072K), 3 survivors (3072K)
 Metaspace       used 64656K, committed 65664K, reserved 1114112K
  class space    used 8422K, committed 8832K, reserved 1048576K
}
Event: 585.739 GC heap before
{Heap before GC invocations=136 (full 2):
 garbage-first heap   total reserved 1017856K, committed 126976K, used 114020K [0x00000000c1e00000, 0x0000000100000000)
  region size 1024K, 74 young (75776K), 3 survivors (3072K)
 Metaspace       used 64792K, committed 65728K, reserved 1114112K
  class space    used 8424K, committed 8832K, reserved 1048576K
}
Event: 585.800 GC heap after
{Heap after GC invocations=137 (full 2):
 garbage-first heap   total reserved 1017856K, committed 126976K, used 44362K [0x00000000c1e00000, 0x0000000100000000)
  region size 1024K, 5 young (5120K), 5 survivors (5120K)
 Metaspace       used 64792K, committed 65728K, reserved 1114112K
  class space    used 8424K, committed 8832K, reserved 1048576K
}
Event: 600.773 GC heap before
{Heap before GC invocations=137 (full 2):
 garbage-first heap   total reserved 1017856K, committed 126976K, used 113994K [0x00000000c1e00000, 0x0000000100000000)
  region size 1024K, 73 young (74752K), 5 survivors (5120K)
 Metaspace       used 65016K, committed 66048K, reserved 1114112K
  class space    used 8426K, committed 8896K, reserved 1048576K
}
Event: 600.840 GC heap after
{Heap after GC invocations=138 (full 2):
 garbage-first heap   total reserved 1017856K, committed 126976K, used 44374K [0x00000000c1e00000, 0x0000000100000000)
  region size 1024K, 5 young (5120K), 5 survivors (5120K)
 Metaspace       used 65016K, committed 66048K, reserved 1114112K
  class space    used 8426K, committed 8896K, reserved 1048576K
}
Event: 620.768 GC heap before
{Heap before GC invocations=139 (full 2):
 garbage-first heap   total reserved 1017856K, committed 126976K, used 114006K [0x00000000c1e00000, 0x0000000100000000)
  region size 1024K, 73 young (74752K), 5 survivors (5120K)
 Metaspace       used 65094K, committed 66112K, reserved 1114112K
  class space    used 8427K, committed 8896K, reserved 1048576K
}
Event: 620.835 GC heap after
{Heap after GC invocations=140 (full 2):
 garbage-first heap   total reserved 1017856K, committed 126976K, used 44374K [0x00000000c1e00000, 0x0000000100000000)
  region size 1024K, 5 young (5120K), 5 survivors (5120K)
 Metaspace       used 65094K, committed 66112K, reserved 1114112K
  class space    used 8427K, committed 8896K, reserved 1048576K
}
Event: 635.844 GC heap before
{Heap before GC invocations=140 (full 2):
 garbage-first heap   total reserved 1017856K, committed 126976K, used 114006K [0x00000000c1e00000, 0x0000000100000000)
  region size 1024K, 73 young (74752K), 5 survivors (5120K)
 Metaspace       used 65095K, committed 66112K, reserved 1114112K
  class space    used 8427K, committed 8896K, reserved 1048576K
}
Event: 635.892 GC heap after
{Heap after GC invocations=141 (full 2):
 garbage-first heap   total reserved 1017856K, committed 126976K, used 44641K [0x00000000c1e00000, 0x0000000100000000)
  region size 1024K, 6 young (6144K), 6 survivors (6144K)
 Metaspace       used 65095K, committed 66112K, reserved 1114112K
  class space    used 8427K, committed 8896K, reserved 1048576K
}
Event: 657.385 GC heap before
{Heap before GC invocations=141 (full 2):
 garbage-first heap   total reserved 1017856K, committed 126976K, used 112225K [0x00000000c1e00000, 0x0000000100000000)
  region size 1024K, 72 young (73728K), 6 survivors (6144K)
 Metaspace       used 65097K, committed 66112K, reserved 1114112K
  class space    used 8427K, committed 8896K, reserved 1048576K
}
Event: 657.499 GC heap after
{Heap after GC invocations=142 (full 2):
 garbage-first heap   total reserved 1017856K, committed 126976K, used 43151K [0x00000000c1e00000, 0x0000000100000000)
  region size 1024K, 4 young (4096K), 4 survivors (4096K)
 Metaspace       used 65097K, committed 66112K, reserved 1114112K
  class space    used 8427K, committed 8896K, reserved 1048576K
}
Event: 659.354 GC heap before
{Heap before GC invocations=143 (full 2):
 garbage-first heap   total reserved 1017856K, committed 126976K, used 50319K [0x00000000c1e00000, 0x0000000100000000)
  region size 1024K, 12 young (12288K), 4 survivors (4096K)
 Metaspace       used 65100K, committed 66176K, reserved 1114112K
  class space    used 8427K, committed 8896K, reserved 1048576K
}

